{"C:\\Users\\USER\\Documents\\Backend\\src\\server.js":{"path":"C:\\Users\\USER\\Documents\\Backend\\src\\server.js","statementMap":{"0":{"start":{"line":3,"column":0},"end":{"line":5,"column":3}},"1":{"start":{"line":6,"column":0},"end":{"line":6,"column":28}},"2":{"start":{"line":7,"column":15},"end":{"line":7,"column":57}},"3":{"start":{"line":8,"column":12},"end":{"line":8,"column":51}},"4":{"start":{"line":9,"column":15},"end":{"line":9,"column":59}},"5":{"start":{"line":10,"column":15},"end":{"line":10,"column":63}},"6":{"start":{"line":11,"column":39},"end":{"line":11,"column":95}},"7":{"start":{"line":12,"column":0},"end":{"line":12,"column":27}},"8":{"start":{"line":13,"column":10},"end":{"line":13,"column":36}},"9":{"start":{"line":14,"column":0},"end":{"line":14,"column":36}},"10":{"start":{"line":15,"column":0},"end":{"line":15,"column":33}},"11":{"start":{"line":16,"column":0},"end":{"line":16,"column":29}},"12":{"start":{"line":19,"column":11},"end":{"line":19,"column":15}},"13":{"start":{"line":20,"column":0},"end":{"line":23,"column":3}},"14":{"start":{"line":21,"column":2},"end":{"line":21,"column":71}},"15":{"start":{"line":22,"column":2},"end":{"line":22,"column":38}},"16":{"start":{"line":24,"column":15},"end":{"line":24,"column":18}},"17":{"start":{"line":25,"column":0},"end":{"line":25,"column":30}}},"fnMap":{"0":{"name":"_interopRequireDefault","decl":{"start":{"line":11,"column":9},"end":{"line":11,"column":31}},"loc":{"start":{"line":11,"column":37},"end":{"line":11,"column":97}},"line":11},"1":{"name":"(anonymous_1)","decl":{"start":{"line":20,"column":17},"end":{"line":20,"column":18}},"loc":{"start":{"line":20,"column":29},"end":{"line":23,"column":1}},"line":20}},"branchMap":{"0":{"loc":{"start":{"line":11,"column":46},"end":{"line":11,"column":94}},"type":"cond-expr","locations":[{"start":{"line":11,"column":70},"end":{"line":11,"column":73}},{"start":{"line":11,"column":76},"end":{"line":11,"column":94}}],"line":11},"1":{"loc":{"start":{"line":11,"column":46},"end":{"line":11,"column":67}},"type":"binary-expr","locations":[{"start":{"line":11,"column":46},"end":{"line":11,"column":49}},{"start":{"line":11,"column":53},"end":{"line":11,"column":67}}],"line":11}},"s":{"0":1,"1":1,"2":1,"3":1,"4":1,"5":1,"6":4,"7":1,"8":1,"9":1,"10":1,"11":1,"12":1,"13":1,"14":1,"15":1,"16":1,"17":1},"f":{"0":4,"1":1},"b":{"0":[2,2],"1":[4,4]},"inputSourceMap":{"version":3,"names":["require","config","app","express","use","json","cors","routers","port","listen","console","log","swaggerDocs"],"sourceRoot":"C:\\Users\\USER\\Documents\\Backend\\src\\","sources":["server.js"],"sourcesContent":["import express from \"express\";\r\nimport cors from \"cors\";\r\nimport routers from \"./routers\";\r\nimport swaggerDocs from \"../swagger.js\";\r\n\r\nrequire('dotenv').config();\r\n\r\nconst app = express();\r\napp.use(express.json());\r\napp.use(cors())\r\napp.use(routers)\r\n\r\n// const port =process.env.PORT || 8000;\r\nconst port =1000;\r\napp.listen(port, ()=>{\r\n    console.log(`server is read on port http://localhost:${port}`)\r\n    swaggerDocs(app, port);\r\n});\r\n\r\nexport default app\r\n"],"mappings":";;;;;;AAAA;AACA;AACA;AACA;AAAwC;AAExCA,OAAO,CAAC,QAAQ,CAAC,CAACC,MAAM,EAAE;AAE1B,IAAMC,GAAG,GAAG,IAAAC,mBAAO,GAAE;AACrBD,GAAG,CAACE,GAAG,CAACD,mBAAO,CAACE,IAAI,EAAE,CAAC;AACvBH,GAAG,CAACE,GAAG,CAAC,IAAAE,gBAAI,GAAE,CAAC;AACfJ,GAAG,CAACE,GAAG,CAACG,mBAAO,CAAC;;AAEhB;AACA,IAAMC,IAAI,GAAE,IAAI;AAChBN,GAAG,CAACO,MAAM,CAACD,IAAI,EAAE,YAAI;EACjBE,OAAO,CAACC,GAAG,mDAA4CH,IAAI,EAAG;EAC9D,IAAAI,mBAAW,EAACV,GAAG,EAAEM,IAAI,CAAC;AAC1B,CAAC,CAAC;AAAC,eAEYN,GAAG;AAAA"},"_coverageSchema":"1a1c01bbd47fc00a2c39e90264f33305004495a9","hash":"c1009904251fd24f19b199d3e503a4816927645d","contentHash":"240118bb287ffb29fdc4033600a45fbfb7f022bd50c4c092a0980b4919471a57"},"C:\\Users\\USER\\Documents\\Backend\\src\\routers\\index.js":{"path":"C:\\Users\\USER\\Documents\\Backend\\src\\routers\\index.js","statementMap":{"0":{"start":{"line":3,"column":0},"end":{"line":5,"column":3}},"1":{"start":{"line":6,"column":0},"end":{"line":6,"column":28}},"2":{"start":{"line":7,"column":15},"end":{"line":7,"column":33}},"3":{"start":{"line":8,"column":13},"end":{"line":8,"column":63}},"4":{"start":{"line":9,"column":12},"end":{"line":9,"column":61}},"5":{"start":{"line":10,"column":39},"end":{"line":10,"column":95}},"6":{"start":{"line":11,"column":13},"end":{"line":11,"column":35}},"7":{"start":{"line":12,"column":0},"end":{"line":12,"column":39}},"8":{"start":{"line":13,"column":0},"end":{"line":13,"column":38}},"9":{"start":{"line":14,"column":15},"end":{"line":14,"column":21}},"10":{"start":{"line":15,"column":0},"end":{"line":15,"column":30}}},"fnMap":{"0":{"name":"_interopRequireDefault","decl":{"start":{"line":10,"column":9},"end":{"line":10,"column":31}},"loc":{"start":{"line":10,"column":37},"end":{"line":10,"column":97}},"line":10}},"branchMap":{"0":{"loc":{"start":{"line":10,"column":46},"end":{"line":10,"column":94}},"type":"cond-expr","locations":[{"start":{"line":10,"column":70},"end":{"line":10,"column":73}},{"start":{"line":10,"column":76},"end":{"line":10,"column":94}}],"line":10},"1":{"loc":{"start":{"line":10,"column":46},"end":{"line":10,"column":67}},"type":"binary-expr","locations":[{"start":{"line":10,"column":46},"end":{"line":10,"column":49}},{"start":{"line":10,"column":53},"end":{"line":10,"column":67}}],"line":10}},"s":{"0":1,"1":1,"2":1,"3":1,"4":1,"5":2,"6":1,"7":1,"8":1,"9":1,"10":1},"f":{"0":2},"b":{"0":[2,0],"1":[2,2]},"inputSourceMap":{"version":3,"names":["router","Router","use","userrouter","blogrouter"],"sourceRoot":"C:\\Users\\USER\\Documents\\Backend\\src\\routers\\","sources":["index.js"],"sourcesContent":["import {Router} from \"express\"\r\nimport userrouter from\"./users.routers\"\r\nimport blogrouter from\"./blog.routers\"\r\n\r\n\r\nconst router=Router();\r\nrouter.use(\"/User\",userrouter)        \r\nrouter.use(\"/Blog\",blogrouter) \r\n\r\n\r\nexport default router"],"mappings":";;;;;;AAAA;AACA;AACA;AAAsC;AAGtC,IAAMA,MAAM,GAAC,IAAAC,eAAM,GAAE;AACrBD,MAAM,CAACE,GAAG,CAAC,OAAO,EAACC,iBAAU,CAAC;AAC9BH,MAAM,CAACE,GAAG,CAAC,OAAO,EAACE,gBAAU,CAAC;AAAA,eAGfJ,MAAM;AAAA"},"_coverageSchema":"1a1c01bbd47fc00a2c39e90264f33305004495a9","hash":"f197a859326a5e807d4e5976c49946ecef5b258f","contentHash":"9ffe76748d19c108b2a2c0c001e4fb43f50d41ca48949677dead981236f65c79"},"C:\\Users\\USER\\Documents\\Backend\\src\\routers\\users.routers.js":{"path":"C:\\Users\\USER\\Documents\\Backend\\src\\routers\\users.routers.js","statementMap":{"0":{"start":{"line":3,"column":51},"end":{"line":3,"column":334}},"1":{"start":{"line":3,"column":153},"end":{"line":3,"column":171}},"2":{"start":{"line":3,"column":193},"end":{"line":3,"column":317}},"3":{"start":{"line":4,"column":0},"end":{"line":6,"column":3}},"4":{"start":{"line":7,"column":0},"end":{"line":7,"column":28}},"5":{"start":{"line":8,"column":15},"end":{"line":8,"column":33}},"6":{"start":{"line":9,"column":19},"end":{"line":9,"column":78}},"7":{"start":{"line":10,"column":17},"end":{"line":10,"column":76}},"8":{"start":{"line":11,"column":15},"end":{"line":11,"column":72}},"9":{"start":{"line":12,"column":19},"end":{"line":12,"column":80}},"10":{"start":{"line":13,"column":24},"end":{"line":13,"column":90}},"11":{"start":{"line":14,"column":39},"end":{"line":14,"column":95}},"12":{"start":{"line":15,"column":49},"end":{"line":15,"column":96}},"13":{"start":{"line":15,"column":84},"end":{"line":15,"column":96}},"14":{"start":{"line":15,"column":121},"end":{"line":15,"column":134}},"15":{"start":{"line":15,"column":159},"end":{"line":15,"column":172}},"16":{"start":{"line":15,"column":174},"end":{"line":15,"column":333}},"17":{"start":{"line":15,"column":258},"end":{"line":15,"column":316}},"18":{"start":{"line":16,"column":53},"end":{"line":16,"column":111}},"19":{"start":{"line":16,"column":98},"end":{"line":16,"column":109}},"20":{"start":{"line":16,"column":112},"end":{"line":16,"column":218}},"21":{"start":{"line":16,"column":190},"end":{"line":16,"column":216}},"22":{"start":{"line":16,"column":231},"end":{"line":16,"column":268}},"23":{"start":{"line":16,"column":270},"end":{"line":16,"column":325}},"24":{"start":{"line":16,"column":301},"end":{"line":16,"column":323}},"25":{"start":{"line":16,"column":339},"end":{"line":16,"column":341}},"26":{"start":{"line":16,"column":371},"end":{"line":16,"column":427}},"27":{"start":{"line":16,"column":429},"end":{"line":16,"column":730}},"28":{"start":{"line":16,"column":452},"end":{"line":16,"column":728}},"29":{"start":{"line":16,"column":538},"end":{"line":16,"column":610}},"30":{"start":{"line":16,"column":612},"end":{"line":16,"column":726}},"31":{"start":{"line":16,"column":650},"end":{"line":16,"column":691}},"32":{"start":{"line":16,"column":701},"end":{"line":16,"column":724}},"33":{"start":{"line":16,"column":731},"end":{"line":16,"column":755}},"34":{"start":{"line":16,"column":756},"end":{"line":16,"column":794}},"35":{"start":{"line":16,"column":769},"end":{"line":16,"column":792}},"36":{"start":{"line":16,"column":795},"end":{"line":16,"column":809}},"37":{"start":{"line":17,"column":13},"end":{"line":17,"column":35}},"38":{"start":{"line":65,"column":0},"end":{"line":65,"column":85}},"39":{"start":{"line":85,"column":0},"end":{"line":85,"column":58}},"40":{"start":{"line":139,"column":0},"end":{"line":139,"column":66}},"41":{"start":{"line":163,"column":0},"end":{"line":163,"column":118}},"42":{"start":{"line":164,"column":0},"end":{"line":164,"column":70}},"43":{"start":{"line":205,"column":0},"end":{"line":205,"column":76}},"44":{"start":{"line":229,"column":0},"end":{"line":229,"column":55}},"45":{"start":{"line":253,"column":0},"end":{"line":253,"column":61}},"46":{"start":{"line":254,"column":0},"end":{"line":254,"column":62}},"47":{"start":{"line":255,"column":15},"end":{"line":255,"column":21}},"48":{"start":{"line":256,"column":0},"end":{"line":256,"column":30}}},"fnMap":{"0":{"name":"_typeof","decl":{"start":{"line":3,"column":9},"end":{"line":3,"column":16}},"loc":{"start":{"line":3,"column":22},"end":{"line":3,"column":336}},"line":3},"1":{"name":"(anonymous_1)","decl":{"start":{"line":3,"column":136},"end":{"line":3,"column":137}},"loc":{"start":{"line":3,"column":151},"end":{"line":3,"column":173}},"line":3},"2":{"name":"(anonymous_2)","decl":{"start":{"line":3,"column":176},"end":{"line":3,"column":177}},"loc":{"start":{"line":3,"column":191},"end":{"line":3,"column":319}},"line":3},"3":{"name":"_interopRequireDefault","decl":{"start":{"line":14,"column":9},"end":{"line":14,"column":31}},"loc":{"start":{"line":14,"column":37},"end":{"line":14,"column":97}},"line":14},"4":{"name":"_getRequireWildcardCache","decl":{"start":{"line":15,"column":9},"end":{"line":15,"column":33}},"loc":{"start":{"line":15,"column":47},"end":{"line":15,"column":335}},"line":15},"5":{"name":"_getRequireWildcardCache","decl":{"start":{"line":15,"column":218},"end":{"line":15,"column":242}},"loc":{"start":{"line":15,"column":256},"end":{"line":15,"column":318}},"line":15},"6":{"name":"_interopRequireWildcard","decl":{"start":{"line":16,"column":9},"end":{"line":16,"column":32}},"loc":{"start":{"line":16,"column":51},"end":{"line":16,"column":811}},"line":16}},"branchMap":{"0":{"loc":{"start":{"line":3,"column":68},"end":{"line":3,"column":319}},"type":"cond-expr","locations":[{"start":{"line":3,"column":136},"end":{"line":3,"column":173}},{"start":{"line":3,"column":176},"end":{"line":3,"column":319}}],"line":3},"1":{"loc":{"start":{"line":3,"column":68},"end":{"line":3,"column":133}},"type":"binary-expr","locations":[{"start":{"line":3,"column":68},"end":{"line":3,"column":95}},{"start":{"line":3,"column":99},"end":{"line":3,"column":133}}],"line":3},"2":{"loc":{"start":{"line":3,"column":200},"end":{"line":3,"column":316}},"type":"cond-expr","locations":[{"start":{"line":3,"column":295},"end":{"line":3,"column":303}},{"start":{"line":3,"column":306},"end":{"line":3,"column":316}}],"line":3},"3":{"loc":{"start":{"line":3,"column":200},"end":{"line":3,"column":292}},"type":"binary-expr","locations":[{"start":{"line":3,"column":200},"end":{"line":3,"column":203}},{"start":{"line":3,"column":207},"end":{"line":3,"column":234}},{"start":{"line":3,"column":238},"end":{"line":3,"column":264}},{"start":{"line":3,"column":268},"end":{"line":3,"column":292}}],"line":3},"4":{"loc":{"start":{"line":14,"column":46},"end":{"line":14,"column":94}},"type":"cond-expr","locations":[{"start":{"line":14,"column":70},"end":{"line":14,"column":73}},{"start":{"line":14,"column":76},"end":{"line":14,"column":94}}],"line":14},"5":{"loc":{"start":{"line":14,"column":46},"end":{"line":14,"column":67}},"type":"binary-expr","locations":[{"start":{"line":14,"column":46},"end":{"line":14,"column":49}},{"start":{"line":14,"column":53},"end":{"line":14,"column":67}}],"line":14},"6":{"loc":{"start":{"line":15,"column":49},"end":{"line":15,"column":96}},"type":"if","locations":[{"start":{"line":15,"column":49},"end":{"line":15,"column":96}},{"start":{"line":15,"column":49},"end":{"line":15,"column":96}}],"line":15},"7":{"loc":{"start":{"line":15,"column":265},"end":{"line":15,"column":315}},"type":"cond-expr","locations":[{"start":{"line":15,"column":279},"end":{"line":15,"column":295}},{"start":{"line":15,"column":298},"end":{"line":15,"column":315}}],"line":15},"8":{"loc":{"start":{"line":16,"column":53},"end":{"line":16,"column":111}},"type":"if","locations":[{"start":{"line":16,"column":53},"end":{"line":16,"column":111}},{"start":{"line":16,"column":53},"end":{"line":16,"column":111}}],"line":16},"9":{"loc":{"start":{"line":16,"column":57},"end":{"line":16,"column":94}},"type":"binary-expr","locations":[{"start":{"line":16,"column":57},"end":{"line":16,"column":69}},{"start":{"line":16,"column":73},"end":{"line":16,"column":76}},{"start":{"line":16,"column":80},"end":{"line":16,"column":94}}],"line":16},"10":{"loc":{"start":{"line":16,"column":112},"end":{"line":16,"column":218}},"type":"if","locations":[{"start":{"line":16,"column":112},"end":{"line":16,"column":218}},{"start":{"line":16,"column":112},"end":{"line":16,"column":218}}],"line":16},"11":{"loc":{"start":{"line":16,"column":116},"end":{"line":16,"column":186}},"type":"binary-expr","locations":[{"start":{"line":16,"column":116},"end":{"line":16,"column":128}},{"start":{"line":16,"column":132},"end":{"line":16,"column":157}},{"start":{"line":16,"column":161},"end":{"line":16,"column":186}}],"line":16},"12":{"loc":{"start":{"line":16,"column":270},"end":{"line":16,"column":325}},"type":"if","locations":[{"start":{"line":16,"column":270},"end":{"line":16,"column":325}},{"start":{"line":16,"column":270},"end":{"line":16,"column":325}}],"line":16},"13":{"loc":{"start":{"line":16,"column":274},"end":{"line":16,"column":297}},"type":"binary-expr","locations":[{"start":{"line":16,"column":274},"end":{"line":16,"column":279}},{"start":{"line":16,"column":283},"end":{"line":16,"column":297}}],"line":16},"14":{"loc":{"start":{"line":16,"column":371},"end":{"line":16,"column":427}},"type":"binary-expr","locations":[{"start":{"line":16,"column":371},"end":{"line":16,"column":392}},{"start":{"line":16,"column":396},"end":{"line":16,"column":427}}],"line":16},"15":{"loc":{"start":{"line":16,"column":452},"end":{"line":16,"column":728}},"type":"if","locations":[{"start":{"line":16,"column":452},"end":{"line":16,"column":728}},{"start":{"line":16,"column":452},"end":{"line":16,"column":728}}],"line":16},"16":{"loc":{"start":{"line":16,"column":456},"end":{"line":16,"column":523}},"type":"binary-expr","locations":[{"start":{"line":16,"column":456},"end":{"line":16,"column":473}},{"start":{"line":16,"column":477},"end":{"line":16,"column":523}}],"line":16},"17":{"loc":{"start":{"line":16,"column":538},"end":{"line":16,"column":610}},"type":"cond-expr","locations":[{"start":{"line":16,"column":562},"end":{"line":16,"column":603}},{"start":{"line":16,"column":606},"end":{"line":16,"column":610}}],"line":16},"18":{"loc":{"start":{"line":16,"column":612},"end":{"line":16,"column":726}},"type":"if","locations":[{"start":{"line":16,"column":612},"end":{"line":16,"column":726}},{"start":{"line":16,"column":612},"end":{"line":16,"column":726}}],"line":16},"19":{"loc":{"start":{"line":16,"column":616},"end":{"line":16,"column":646}},"type":"binary-expr","locations":[{"start":{"line":16,"column":616},"end":{"line":16,"column":620}},{"start":{"line":16,"column":625},"end":{"line":16,"column":633}},{"start":{"line":16,"column":637},"end":{"line":16,"column":645}}],"line":16},"20":{"loc":{"start":{"line":16,"column":756},"end":{"line":16,"column":794}},"type":"if","locations":[{"start":{"line":16,"column":756},"end":{"line":16,"column":794}},{"start":{"line":16,"column":756},"end":{"line":16,"column":794}}],"line":16}},"s":{"0":0,"1":0,"2":0,"3":1,"4":1,"5":1,"6":1,"7":1,"8":1,"9":1,"10":1,"11":4,"12":0,"13":0,"14":0,"15":0,"16":0,"17":0,"18":1,"19":1,"20":0,"21":0,"22":0,"23":0,"24":0,"25":0,"26":0,"27":0,"28":0,"29":0,"30":0,"31":0,"32":0,"33":0,"34":0,"35":0,"36":0,"37":1,"38":1,"39":1,"40":1,"41":1,"42":1,"43":1,"44":1,"45":1,"46":1,"47":1,"48":1},"f":{"0":0,"1":0,"2":0,"3":4,"4":0,"5":0,"6":1},"b":{"0":[0,0],"1":[0,0],"2":[0,0],"3":[0,0,0,0],"4":[4,0],"5":[4,4],"6":[0,0],"7":[0,0],"8":[1,0],"9":[1,1,1],"10":[0,0],"11":[0,0,0],"12":[0,0],"13":[0,0],"14":[0,0],"15":[0,0],"16":[0,0],"17":[0,0],"18":[0,0],"19":[0,0,0],"20":[0,0]},"inputSourceMap":{"version":3,"names":["router","Router","post","signupValidation","UserControl","signup","get","getUsers","put","UpdateUser","verifyToken","isAdmin","deleteUser","findUserById","checkUser","Login","Like","Comment","getBlogId"],"sourceRoot":"C:\\Users\\USER\\Documents\\Backend\\src\\routers\\","sources":["users.routers.js"],"sourcesContent":["import { Router } from \"express\";\r\nimport UserControl from \"../controls/UserControl\";\r\nimport checkUser from \"../middelwares/checkUser\";\r\nimport isAdmin from \"../middelwares/isAdmin\";\r\nimport verifyToken from\"../middelwares/verifyToken\";\r\nimport signupValidation from\"../middelwares/signupValidation\";\r\nimport{\r\n    signup,\r\n    addBlogs,\r\n    deleteBlog,\r\n    UpdateBlog,\r\n    getBlog,\r\n    } from \"../controls/UserControl\";\r\nconst router =Router();\r\n\r\n\r\n/**\r\n * @swagger\r\n *\r\n * /User/signup/:\r\n *    post:\r\n *      tags: [Authorization/Authentication]\r\n *      security:\r\n *         - BearerAuth: []\r\n *      summary: Create a Signup\r\n *      requestBody:\r\n *        required: true\r\n *        content:\r\n *          application/json:\r\n *            schema:\r\n *              $ref: '#/components/schemas/user'\r\n *      responses:\r\n *        \"201\":\r\n *          description: Signup successfuly\r\n *        \"400\":\r\n *          description:  Conflict\r\n *        \"500\":\r\n *          description: There is an internal server error\r\n *\r\n * components:\r\n *    schemas:\r\n *      user:\r\n *        type: object\r\n *        required:\r\n *          - Fullname\r\n *          - email\r\n *          - password\r\n *        properties:\r\n *           Fullname:\r\n *             type: string\r\n *             description:  FullName SignUp\r\n *             example: Gloria Kyle\r\n *           email:\r\n *             type: string\r\n *             description: Email to Signup \r\n *             example: gloria@gmail.com\r\n *           password:\r\n *             type: string\r\n *             description: Password to Signup \r\n *             example: gloria123 \r\n *\r\n */\r\nrouter.post(\"/signup\",signupValidation,UserControl.signup)\r\n\r\n\r\n/**\r\n * @swagger\r\n *\r\n * /User/getUsers/:\r\n *    get:\r\n *      tags: [Users]\r\n *      security:\r\n *         - BearerAuth: []\r\n *      summary: Get all Users\r\n *      responses:\r\n *        \"201\":\r\n *          description: All Users retrieved successfuly\r\n *        \"400\":\r\n *          description: Not User retrieved\r\n *        \"500\":\r\n *          description: There is an internal server error\r\n *\r\n */\r\nrouter.get(\"/getUsers\",UserControl.getUsers)\r\n\r\n/**\r\n * @swagger\r\n *\r\n* /User/UpdateUser/{id}:\r\n *    put:\r\n *      tags: [Users]\r\n *      security:\r\n *         - BearerAuth: []\r\n *      summary: Modifty User\r\n *      parameters:\r\n *      - name: id\r\n *        in: path \r\n *      requestBody:\r\n *        required: true\r\n *        content:\r\n *          application/json:\r\n *            schema:\r\n *              $ref: '#/components/schemas/blog'\r\n *            type: object \r\n *            required:\r\n\r\n *      responses:\r\n *        \"201\":\r\n *          description: Modified\r\n *        \"400\":\r\n *          description: Bad Request\r\n *        \"500\":\r\n *          description: There is an internal server error\r\n  * components:\r\n *    schemas:\r\n *      user:\r\n *        type: object\r\n *        required:\r\n *          - Fullname\r\n *          - email\r\n *          - password\r\n *        properties:\r\n *           Fullname:\r\n *             type: string\r\n *             description: User FullName\r\n *             example: Rachel UMWARI\r\n *           email:\r\n *             type: string\r\n *             description: Email of User\r\n *             example:  rachelumwari@gmail.com\r\n *           password:\r\n *             type: string\r\n *             description: Password of User\r\n *             example:  HaNeYe\r\n *\r\n */\r\n\r\nrouter.put(\"/UpdateUser/:id\",UserControl.UpdateUser)\r\n\r\n/**\r\n * @swagger\r\n *\r\n * /User/deleteUser/{id}:\r\n *    delete:\r\n *      tags: [Users]\r\n *      security:\r\n *         - BearerAuth: []\r\n *      summary: Delete User\r\n *      parameters:\r\n *      - name: id\r\n *        in: path\r\n *      responses:\r\n *        \"201\":\r\n *          description: Delete user successfuly\r\n *        \"400\":\r\n *          description: Not User found\r\n *        \"500\":\r\n *          description: There is an internal server error\r\n *\r\n */\r\n\r\n\r\nrouter.delete(\"/deleteUser/:id\",verifyToken,isAdmin,UserControl.deleteUser)\r\nrouter.get(\"/findUserById/:id\",UserControl.findUserById)\r\n\r\n/**\r\n * @swagger\r\n *\r\n * /User/Login/:\r\n *    post:\r\n *      tags: [Authorization/Authentication]\r\n *      summary: user login\r\n *      requestBody:\r\n *        required: true\r\n *        content:\r\n *          application/json:\r\n *            schema:\r\n *              $ref: '#/components/schemas/user'\r\n *      responses:\r\n *        \"201\":\r\n *          description: All blog posts retrieved successfuly\r\n *        \"400\":\r\n *          description: Not blog post retrieved\r\n *        \"500\":\r\n *          description: There is an internal server error\r\n *\r\n * components:\r\n *    schemas:\r\n *      user:\r\n *        type: object\r\n *        required:\r\n *          - email\r\n *          - password\r\n *        properties:\r\n *           email:\r\n *             type: string\r\n *             description: user email\r\n *             example: rachel@admin.com\r\n *           password:\r\n *             type: string\r\n *             description:  password\r\n *             example: password\r\n *\r\n */\r\nrouter.post(\"/Login\",checkUser,UserControl.Login)\r\n\r\n\r\n\r\n/**\r\n * @swagger\r\n *\r\n * /User/like/{id}:\r\n *    post:\r\n *      tags: [Users]\r\n *      security:\r\n *         - BearerAuth: []\r\n *      summary: like blog\r\n *      parameters:\r\n *      - name: id\r\n *        in: path\r\n *      responses:\r\n *        \"201\":\r\n *          description: like blog successfuly\r\n *        \"400\":\r\n *          description: Not like found\r\n *        \"500\":\r\n *          description: There is an internal server error\r\n *\r\n */\r\n\r\nrouter.post(\"/like/:id\",UserControl.Like)\r\n\r\n/**\r\n * @swagger\r\n *\r\n * /User/comment/{id}:\r\n *    post:\r\n *      tags: [Users]\r\n *      security:\r\n *         - BearerAuth: []\r\n *      summary: comment blog\r\n *      parameters:\r\n *      - name: id\r\n *        in: path\r\n *      responses:\r\n *        \"201\":\r\n *          description: comment blog successfuly\r\n *        \"400\":\r\n *          description: Not comment found\r\n *        \"500\":\r\n *          description: There is an internal server error\r\n *\r\n */\r\n\r\n\r\nrouter.post(\"/comment/:id\",UserControl.Comment)\r\n\r\nrouter.get(\"/getblog/:id\",UserControl.getBlogId)\r\n\r\n\r\nexport default router                                     \r\n\r\n"],"mappings":";;;;;;;AAAA;AACA;AACA;AACA;AACA;AACA;AAA8D;AAAA;AAAA;AAQ9D,IAAMA,MAAM,GAAE,IAAAC,eAAM,GAAE;;AAGtB;AACA;AACA;AACA;AACA;AACA;AACA;AACA;AACA;AACA;AACA;AACA;AACA;AACA;AACA;AACA;AACA;AACA;AACA;AACA;AACA;AACA;AACA;AACA;AACA;AACA;AACA;AACA;AACA;AACA;AACA;AACA;AACA;AACA;AACA;AACA;AACA;AACA;AACA;AACA;AACA;AACA;AACA;AACA;AACA;AACA;AACAD,MAAM,CAACE,IAAI,CAAC,SAAS,EAACC,4BAAgB,EAACC,uBAAW,CAACC,MAAM,CAAC;;AAG1D;AACA;AACA;AACA;AACA;AACA;AACA;AACA;AACA;AACA;AACA;AACA;AACA;AACA;AACA;AACA;AACA;AACA;AACAL,MAAM,CAACM,GAAG,CAAC,WAAW,EAACF,uBAAW,CAACG,QAAQ,CAAC;;AAE5C;AACA;AACA;AACA;AACA;AACA;AACA;AACA;AACA;AACA;AACA;AACA;AACA;AACA;AACA;AACA;AACA;AACA;AACA;AACA;AACA;AACA;AACA;AACA;AACA;AACA;AACA;AACA;AACA;AACA;AACA;AACA;AACA;AACA;AACA;AACA;AACA;AACA;AACA;AACA;AACA;AACA;AACA;AACA;AACA;AACA;AACA;AACA;AACA;AACA;AACA;;AAEAP,MAAM,CAACQ,GAAG,CAAC,iBAAiB,EAACJ,uBAAW,CAACK,UAAU,CAAC;;AAEpD;AACA;AACA;AACA;AACA;AACA;AACA;AACA;AACA;AACA;AACA;AACA;AACA;AACA;AACA;AACA;AACA;AACA;AACA;AACA;AACA;;AAGAT,MAAM,UAAO,CAAC,iBAAiB,EAACU,uBAAW,EAACC,mBAAO,EAACP,uBAAW,CAACQ,UAAU,CAAC;AAC3EZ,MAAM,CAACM,GAAG,CAAC,mBAAmB,EAACF,uBAAW,CAACS,YAAY,CAAC;;AAExD;AACA;AACA;AACA;AACA;AACA;AACA;AACA;AACA;AACA;AACA;AACA;AACA;AACA;AACA;AACA;AACA;AACA;AACA;AACA;AACA;AACA;AACA;AACA;AACA;AACA;AACA;AACA;AACA;AACA;AACA;AACA;AACA;AACA;AACA;AACA;AACA;AACA;AACA;AACAb,MAAM,CAACE,IAAI,CAAC,QAAQ,EAACY,qBAAS,EAACV,uBAAW,CAACW,KAAK,CAAC;;AAIjD;AACA;AACA;AACA;AACA;AACA;AACA;AACA;AACA;AACA;AACA;AACA;AACA;AACA;AACA;AACA;AACA;AACA;AACA;AACA;AACA;;AAEAf,MAAM,CAACE,IAAI,CAAC,WAAW,EAACE,uBAAW,CAACY,IAAI,CAAC;;AAEzC;AACA;AACA;AACA;AACA;AACA;AACA;AACA;AACA;AACA;AACA;AACA;AACA;AACA;AACA;AACA;AACA;AACA;AACA;AACA;AACA;;AAGAhB,MAAM,CAACE,IAAI,CAAC,cAAc,EAACE,uBAAW,CAACa,OAAO,CAAC;AAE/CjB,MAAM,CAACM,GAAG,CAAC,cAAc,EAACF,uBAAW,CAACc,SAAS,CAAC;AAAA,eAGjClB,MAAM;AAAA"},"_coverageSchema":"1a1c01bbd47fc00a2c39e90264f33305004495a9","hash":"7b43109651a04296d257b8c84a7b14a852dd0a69","contentHash":"a0179820d6b2e60fcb71bb284a2680c2c60a634f4c3886bf5bb8dd499260be21"},"C:\\Users\\USER\\Documents\\Backend\\src\\controls\\UserControl.js":{"path":"C:\\Users\\USER\\Documents\\Backend\\src\\controls\\UserControl.js","statementMap":{"0":{"start":{"line":3,"column":0},"end":{"line":5,"column":3}},"1":{"start":{"line":6,"column":0},"end":{"line":6,"column":28}},"2":{"start":{"line":7,"column":14},"end":{"line":7,"column":61}},"3":{"start":{"line":8,"column":19},"end":{"line":8,"column":51}},"4":{"start":{"line":9,"column":14},"end":{"line":9,"column":55}},"5":{"start":{"line":10,"column":17},"end":{"line":10,"column":37}},"6":{"start":{"line":11,"column":39},"end":{"line":11,"column":95}},"7":{"start":{"line":12,"column":51},"end":{"line":12,"column":334}},"8":{"start":{"line":12,"column":153},"end":{"line":12,"column":171}},"9":{"start":{"line":12,"column":193},"end":{"line":12,"column":317}},"10":{"start":{"line":13,"column":196},"end":{"line":13,"column":269}},"11":{"start":{"line":13,"column":251},"end":{"line":13,"column":266}},"12":{"start":{"line":13,"column":284},"end":{"line":13,"column":286}},"13":{"start":{"line":13,"column":293},"end":{"line":13,"column":309}},"14":{"start":{"line":13,"column":320},"end":{"line":13,"column":337}},"15":{"start":{"line":13,"column":356},"end":{"line":13,"column":433}},"16":{"start":{"line":13,"column":409},"end":{"line":13,"column":431}},"17":{"start":{"line":13,"column":445},"end":{"line":13,"column":486}},"18":{"start":{"line":13,"column":505},"end":{"line":13,"column":537}},"19":{"start":{"line":13,"column":561},"end":{"line":13,"column":603}},"20":{"start":{"line":13,"column":625},"end":{"line":13,"column":663}},"21":{"start":{"line":13,"column":700},"end":{"line":13,"column":815}},"22":{"start":{"line":13,"column":818},"end":{"line":13,"column":929}},"23":{"start":{"line":13,"column":824},"end":{"line":13,"column":839}},"24":{"start":{"line":13,"column":856},"end":{"line":13,"column":927}},"25":{"start":{"line":13,"column":900},"end":{"line":13,"column":924}},"26":{"start":{"line":13,"column":1004},"end":{"line":13,"column":1075}},"27":{"start":{"line":13,"column":1089},"end":{"line":13,"column":1128}},"28":{"start":{"line":13,"column":1140},"end":{"line":13,"column":1170}},"29":{"start":{"line":13,"column":1172},"end":{"line":13,"column":1280}},"30":{"start":{"line":13,"column":1317},"end":{"line":13,"column":1427}},"31":{"start":{"line":13,"column":1323},"end":{"line":13,"column":1373}},"32":{"start":{"line":13,"column":1390},"end":{"line":13,"column":1425}},"33":{"start":{"line":13,"column":1430},"end":{"line":13,"column":1450}},"34":{"start":{"line":13,"column":1474},"end":{"line":13,"column":1476}},"35":{"start":{"line":13,"column":1599},"end":{"line":13,"column":1601}},"36":{"start":{"line":13,"column":1603},"end":{"line":13,"column":1675}},"37":{"start":{"line":13,"column":1659},"end":{"line":13,"column":1671}},"38":{"start":{"line":13,"column":1691},"end":{"line":13,"column":1712}},"39":{"start":{"line":13,"column":1740},"end":{"line":13,"column":1782}},"40":{"start":{"line":13,"column":1784},"end":{"line":13,"column":1947}},"41":{"start":{"line":13,"column":1957},"end":{"line":13,"column":2050}},"42":{"start":{"line":13,"column":2096},"end":{"line":13,"column":2236}},"43":{"start":{"line":13,"column":2152},"end":{"line":13,"column":2232}},"44":{"start":{"line":13,"column":2195},"end":{"line":13,"column":2228}},"45":{"start":{"line":13,"column":2349},"end":{"line":13,"column":2392}},"46":{"start":{"line":13,"column":2394},"end":{"line":13,"column":2886}},"47":{"start":{"line":13,"column":2438},"end":{"line":13,"column":2448}},"48":{"start":{"line":13,"column":2458},"end":{"line":13,"column":2470}},"49":{"start":{"line":13,"column":2472},"end":{"line":13,"column":2884}},"50":{"start":{"line":13,"column":2609},"end":{"line":13,"column":2648}},"51":{"start":{"line":13,"column":2669},"end":{"line":13,"column":2707}},"52":{"start":{"line":13,"column":2768},"end":{"line":13,"column":2810}},"53":{"start":{"line":13,"column":2833},"end":{"line":13,"column":2880}},"54":{"start":{"line":13,"column":2887},"end":{"line":13,"column":2906}},"55":{"start":{"line":13,"column":2930},"end":{"line":13,"column":3294}},"56":{"start":{"line":13,"column":3041},"end":{"line":13,"column":3134}},"57":{"start":{"line":13,"column":3093},"end":{"line":13,"column":3130}},"58":{"start":{"line":13,"column":3137},"end":{"line":13,"column":3288}},"59":{"start":{"line":13,"column":3361},"end":{"line":13,"column":3377}},"60":{"start":{"line":13,"column":3379},"end":{"line":13,"column":4499}},"61":{"start":{"line":13,"column":3411},"end":{"line":13,"column":3486}},"62":{"start":{"line":13,"column":3438},"end":{"line":13,"column":3486}},"63":{"start":{"line":13,"column":3487},"end":{"line":13,"column":3573}},"64":{"start":{"line":13,"column":3516},"end":{"line":13,"column":3550}},"65":{"start":{"line":13,"column":3540},"end":{"line":13,"column":3550}},"66":{"start":{"line":13,"column":3551},"end":{"line":13,"column":3571}},"67":{"start":{"line":13,"column":3574},"end":{"line":13,"column":4496}},"68":{"start":{"line":13,"column":3642},"end":{"line":13,"column":3658}},"69":{"start":{"line":13,"column":3660},"end":{"line":13,"column":3836}},"70":{"start":{"line":13,"column":3697},"end":{"line":13,"column":3735}},"71":{"start":{"line":13,"column":3737},"end":{"line":13,"column":3834}},"72":{"start":{"line":13,"column":3759},"end":{"line":13,"column":3809}},"73":{"start":{"line":13,"column":3800},"end":{"line":13,"column":3809}},"74":{"start":{"line":13,"column":3810},"end":{"line":13,"column":3832}},"75":{"start":{"line":13,"column":3837},"end":{"line":13,"column":4138}},"76":{"start":{"line":13,"column":3868},"end":{"line":13,"column":3911}},"77":{"start":{"line":13,"column":3916},"end":{"line":13,"column":4138}},"78":{"start":{"line":13,"column":3950},"end":{"line":13,"column":4021}},"79":{"start":{"line":13,"column":3982},"end":{"line":13,"column":4021}},"80":{"start":{"line":13,"column":4022},"end":{"line":13,"column":4061}},"81":{"start":{"line":13,"column":4069},"end":{"line":13,"column":4138}},"82":{"start":{"line":13,"column":4139},"end":{"line":13,"column":4159}},"83":{"start":{"line":13,"column":4173},"end":{"line":13,"column":4205}},"84":{"start":{"line":13,"column":4207},"end":{"line":13,"column":4392}},"85":{"start":{"line":13,"column":4239},"end":{"line":13,"column":4340}},"86":{"start":{"line":13,"column":4331},"end":{"line":13,"column":4340}},"87":{"start":{"line":13,"column":4341},"end":{"line":13,"column":4390}},"88":{"start":{"line":13,"column":4393},"end":{"line":13,"column":4494}},"89":{"start":{"line":13,"column":4569},"end":{"line":13,"column":4583}},"90":{"start":{"line":13,"column":4594},"end":{"line":13,"column":4623}},"91":{"start":{"line":13,"column":4625},"end":{"line":13,"column":5028}},"92":{"start":{"line":13,"column":4651},"end":{"line":13,"column":5028}},"93":{"start":{"line":13,"column":5042},"end":{"line":13,"column":5090}},"94":{"start":{"line":13,"column":5092},"end":{"line":13,"column":5222}},"95":{"start":{"line":13,"column":5121},"end":{"line":13,"column":5222}},"96":{"start":{"line":13,"column":5234},"end":{"line":13,"column":5244}},"97":{"start":{"line":13,"column":5246},"end":{"line":13,"column":5619}},"98":{"start":{"line":13,"column":5664},"end":{"line":13,"column":5683}},"99":{"start":{"line":13,"column":5685},"end":{"line":13,"column":5823}},"100":{"start":{"line":13,"column":5871},"end":{"line":13,"column":5893}},"101":{"start":{"line":13,"column":5895},"end":{"line":13,"column":5964}},"102":{"start":{"line":13,"column":5999},"end":{"line":13,"column":6095}},"103":{"start":{"line":13,"column":6126},"end":{"line":13,"column":6576}},"104":{"start":{"line":13,"column":6163},"end":{"line":13,"column":6187}},"105":{"start":{"line":13,"column":6189},"end":{"line":13,"column":6246}},"106":{"start":{"line":13,"column":6209},"end":{"line":13,"column":6246}},"107":{"start":{"line":13,"column":6247},"end":{"line":13,"column":6303}},"108":{"start":{"line":13,"column":6287},"end":{"line":13,"column":6303}},"109":{"start":{"line":13,"column":6304},"end":{"line":13,"column":6574}},"110":{"start":{"line":13,"column":6343},"end":{"line":13,"column":6345}},"111":{"start":{"line":13,"column":6354},"end":{"line":13,"column":6546}},"112":{"start":{"line":13,"column":6372},"end":{"line":13,"column":6491}},"113":{"start":{"line":13,"column":6405},"end":{"line":13,"column":6489}},"114":{"start":{"line":13,"column":6435},"end":{"line":13,"column":6489}},"115":{"start":{"line":13,"column":6492},"end":{"line":13,"column":6544}},"116":{"start":{"line":13,"column":6548},"end":{"line":13,"column":6572}},"117":{"start":{"line":13,"column":6577},"end":{"line":13,"column":6605}},"118":{"start":{"line":13,"column":6632},"end":{"line":13,"column":6670}},"119":{"start":{"line":13,"column":6673},"end":{"line":13,"column":12106}},"120":{"start":{"line":13,"column":7106},"end":{"line":13,"column":7155}},"121":{"start":{"line":13,"column":7157},"end":{"line":13,"column":7262}},"122":{"start":{"line":13,"column":7301},"end":{"line":13,"column":7542}},"123":{"start":{"line":13,"column":7579},"end":{"line":13,"column":7603}},"124":{"start":{"line":13,"column":7722},"end":{"line":13,"column":7734}},"125":{"start":{"line":13,"column":7856},"end":{"line":13,"column":7906}},"126":{"start":{"line":13,"column":7918},"end":{"line":13,"column":7991}},"127":{"start":{"line":13,"column":7993},"end":{"line":13,"column":8135}},"128":{"start":{"line":13,"column":8083},"end":{"line":13,"column":8131}},"129":{"start":{"line":13,"column":8251},"end":{"line":13,"column":8263}},"130":{"start":{"line":13,"column":8305},"end":{"line":13,"column":8333}},"131":{"start":{"line":13,"column":8383},"end":{"line":13,"column":8394}},"132":{"start":{"line":13,"column":8403},"end":{"line":13,"column":8405}},"133":{"start":{"line":13,"column":8407},"end":{"line":13,"column":8450}},"134":{"start":{"line":13,"column":8433},"end":{"line":13,"column":8448}},"135":{"start":{"line":13,"column":8451},"end":{"line":13,"column":8636}},"136":{"start":{"line":13,"column":8492},"end":{"line":13,"column":8604}},"137":{"start":{"line":13,"column":8525},"end":{"line":13,"column":8535}},"138":{"start":{"line":13,"column":8537},"end":{"line":13,"column":8602}},"139":{"start":{"line":13,"column":8556},"end":{"line":13,"column":8602}},"140":{"start":{"line":13,"column":8605},"end":{"line":13,"column":8633}},"141":{"start":{"line":13,"column":8748},"end":{"line":13,"column":9087}},"142":{"start":{"line":13,"column":8956},"end":{"line":13,"column":9087}},"143":{"start":{"line":13,"column":8981},"end":{"line":13,"column":9085}},"144":{"start":{"line":13,"column":9115},"end":{"line":13,"column":9130}},"145":{"start":{"line":13,"column":9148},"end":{"line":13,"column":9177}},"146":{"start":{"line":13,"column":9179},"end":{"line":13,"column":9233}},"147":{"start":{"line":13,"column":9212},"end":{"line":13,"column":9233}},"148":{"start":{"line":13,"column":9234},"end":{"line":13,"column":9251}},"149":{"start":{"line":13,"column":9314},"end":{"line":13,"column":9345}},"150":{"start":{"line":13,"column":9329},"end":{"line":13,"column":9345}},"151":{"start":{"line":13,"column":9360},"end":{"line":13,"column":9364}},"152":{"start":{"line":13,"column":9397},"end":{"line":13,"column":9542}},"153":{"start":{"line":13,"column":9545},"end":{"line":13,"column":10249}},"154":{"start":{"line":13,"column":9558},"end":{"line":13,"column":9584}},"155":{"start":{"line":13,"column":9613},"end":{"line":13,"column":9631}},"156":{"start":{"line":13,"column":9642},"end":{"line":13,"column":9658}},"157":{"start":{"line":13,"column":9660},"end":{"line":13,"column":9710}},"158":{"start":{"line":13,"column":9689},"end":{"line":13,"column":9710}},"159":{"start":{"line":13,"column":9711},"end":{"line":13,"column":10247}},"160":{"start":{"line":13,"column":9759},"end":{"line":13,"column":9789}},"161":{"start":{"line":13,"column":9804},"end":{"line":13,"column":9836}},"162":{"start":{"line":13,"column":9838},"end":{"line":13,"column":10245}},"163":{"start":{"line":13,"column":9868},"end":{"line":13,"column":9934}},"164":{"start":{"line":13,"column":9900},"end":{"line":13,"column":9934}},"165":{"start":{"line":13,"column":9935},"end":{"line":13,"column":10001}},"166":{"start":{"line":13,"column":9969},"end":{"line":13,"column":10001}},"167":{"start":{"line":13,"column":10009},"end":{"line":13,"column":10245}},"168":{"start":{"line":13,"column":10025},"end":{"line":13,"column":10091}},"169":{"start":{"line":13,"column":10057},"end":{"line":13,"column":10091}},"170":{"start":{"line":13,"column":10101},"end":{"line":13,"column":10176}},"171":{"start":{"line":13,"column":10118},"end":{"line":13,"column":10176}},"172":{"start":{"line":13,"column":10177},"end":{"line":13,"column":10243}},"173":{"start":{"line":13,"column":10211},"end":{"line":13,"column":10243}},"174":{"start":{"line":13,"column":10290},"end":{"line":13,"column":10515}},"175":{"start":{"line":13,"column":10303},"end":{"line":13,"column":10329}},"176":{"start":{"line":13,"column":10358},"end":{"line":13,"column":10376}},"177":{"start":{"line":13,"column":10378},"end":{"line":13,"column":10513}},"178":{"start":{"line":13,"column":10498},"end":{"line":13,"column":10503}},"179":{"start":{"line":13,"column":10505},"end":{"line":13,"column":10511}},"180":{"start":{"line":13,"column":10516},"end":{"line":13,"column":10663}},"181":{"start":{"line":13,"column":10677},"end":{"line":13,"column":10720}},"182":{"start":{"line":13,"column":10722},"end":{"line":13,"column":10884}},"183":{"start":{"line":13,"column":10936},"end":{"line":13,"column":10982}},"184":{"start":{"line":13,"column":10965},"end":{"line":13,"column":10982}},"185":{"start":{"line":13,"column":10983},"end":{"line":13,"column":11260}},"186":{"start":{"line":13,"column":11302},"end":{"line":13,"column":11524}},"187":{"start":{"line":13,"column":11315},"end":{"line":13,"column":11341}},"188":{"start":{"line":13,"column":11370},"end":{"line":13,"column":11388}},"189":{"start":{"line":13,"column":11390},"end":{"line":13,"column":11522}},"190":{"start":{"line":13,"column":11427},"end":{"line":13,"column":11522}},"191":{"start":{"line":13,"column":11563},"end":{"line":13,"column":11811}},"192":{"start":{"line":13,"column":11576},"end":{"line":13,"column":11602}},"193":{"start":{"line":13,"column":11631},"end":{"line":13,"column":11649}},"194":{"start":{"line":13,"column":11651},"end":{"line":13,"column":11809}},"195":{"start":{"line":13,"column":11695},"end":{"line":13,"column":11711}},"196":{"start":{"line":13,"column":11713},"end":{"line":13,"column":11792}},"197":{"start":{"line":13,"column":11757},"end":{"line":13,"column":11767}},"198":{"start":{"line":13,"column":11769},"end":{"line":13,"column":11790}},"199":{"start":{"line":13,"column":11793},"end":{"line":13,"column":11807}},"200":{"start":{"line":13,"column":11812},"end":{"line":13,"column":11853}},"201":{"start":{"line":13,"column":11928},"end":{"line":13,"column":12092}},"202":{"start":{"line":14,"column":77},"end":{"line":14,"column":175}},"203":{"start":{"line":14,"column":94},"end":{"line":14,"column":107}},"204":{"start":{"line":14,"column":121},"end":{"line":14,"column":131}},"205":{"start":{"line":14,"column":151},"end":{"line":14,"column":165}},"206":{"start":{"line":14,"column":166},"end":{"line":14,"column":173}},"207":{"start":{"line":14,"column":176},"end":{"line":14,"column":263}},"208":{"start":{"line":14,"column":193},"end":{"line":14,"column":208}},"209":{"start":{"line":14,"column":218},"end":{"line":14,"column":261}},"210":{"start":{"line":15,"column":33},"end":{"line":15,"column":387}},"211":{"start":{"line":15,"column":65},"end":{"line":15,"column":69}},"212":{"start":{"line":15,"column":78},"end":{"line":15,"column":87}},"213":{"start":{"line":15,"column":89},"end":{"line":15,"column":384}},"214":{"start":{"line":15,"column":147},"end":{"line":15,"column":167}},"215":{"start":{"line":15,"column":193},"end":{"line":15,"column":264}},"216":{"start":{"line":15,"column":290},"end":{"line":15,"column":360}},"217":{"start":{"line":15,"column":363},"end":{"line":15,"column":380}},"218":{"start":{"line":16,"column":50},"end":{"line":16,"column":151}},"219":{"start":{"line":16,"column":92},"end":{"line":16,"column":149}},"220":{"start":{"line":17,"column":44},"end":{"line":17,"column":331}},"221":{"start":{"line":17,"column":57},"end":{"line":17,"column":58}},"222":{"start":{"line":17,"column":102},"end":{"line":17,"column":110}},"223":{"start":{"line":17,"column":112},"end":{"line":17,"column":167}},"224":{"start":{"line":17,"column":168},"end":{"line":17,"column":199}},"225":{"start":{"line":17,"column":200},"end":{"line":17,"column":254}},"226":{"start":{"line":17,"column":227},"end":{"line":17,"column":254}},"227":{"start":{"line":17,"column":255},"end":{"line":17,"column":329}},"228":{"start":{"line":18,"column":62},"end":{"line":18,"column":131}},"229":{"start":{"line":18,"column":78},"end":{"line":18,"column":131}},"230":{"start":{"line":18,"column":132},"end":{"line":18,"column":193}},"231":{"start":{"line":18,"column":149},"end":{"line":18,"column":193}},"232":{"start":{"line":18,"column":194},"end":{"line":18,"column":263}},"233":{"start":{"line":18,"column":264},"end":{"line":18,"column":283}},"234":{"start":{"line":19,"column":41},"end":{"line":19,"column":68}},"235":{"start":{"line":19,"column":70},"end":{"line":19,"column":123}},"236":{"start":{"line":20,"column":37},"end":{"line":20,"column":101}},"237":{"start":{"line":20,"column":88},"end":{"line":20,"column":101}},"238":{"start":{"line":20,"column":113},"end":{"line":20,"column":138}},"239":{"start":{"line":20,"column":140},"end":{"line":20,"column":326}},"240":{"start":{"line":20,"column":176},"end":{"line":20,"column":211}},"241":{"start":{"line":20,"column":213},"end":{"line":20,"column":255}},"242":{"start":{"line":20,"column":244},"end":{"line":20,"column":255}},"243":{"start":{"line":20,"column":256},"end":{"line":20,"column":324}},"244":{"start":{"line":20,"column":327},"end":{"line":20,"column":379}},"245":{"start":{"line":21,"column":12},"end":{"line":21,"column":36}},"246":{"start":{"line":22,"column":10},"end":{"line":22,"column":34}},"247":{"start":{"line":23,"column":10},"end":{"line":23,"column":34}},"248":{"start":{"line":24,"column":13},"end":{"line":24,"column":40}},"249":{"start":{"line":25,"column":31},"end":{"line":602,"column":3}},"250":{"start":{"line":27,"column":4},"end":{"line":27,"column":39}},"251":{"start":{"line":29,"column":2},"end":{"line":600,"column":6}},"252":{"start":{"line":32,"column":20},"end":{"line":100,"column":9}},"253":{"start":{"line":34,"column":8},"end":{"line":99,"column":37}},"254":{"start":{"line":35,"column":10},"end":{"line":98,"column":11}},"255":{"start":{"line":36,"column":12},"end":{"line":97,"column":13}},"256":{"start":{"line":38,"column":16},"end":{"line":38,"column":34}},"257":{"start":{"line":39,"column":16},"end":{"line":39,"column":147}},"258":{"start":{"line":40,"column":16},"end":{"line":40,"column":34}},"259":{"start":{"line":41,"column":16},"end":{"line":41,"column":65}},"260":{"start":{"line":43,"column":16},"end":{"line":43,"column":37}},"261":{"start":{"line":44,"column":16},"end":{"line":44,"column":34}},"262":{"start":{"line":45,"column":16},"end":{"line":49,"column":19}},"263":{"start":{"line":51,"column":16},"end":{"line":51,"column":42}},"264":{"start":{"line":52,"column":16},"end":{"line":55,"column":17}},"265":{"start":{"line":53,"column":18},"end":{"line":53,"column":37}},"266":{"start":{"line":54,"column":18},"end":{"line":54,"column":24}},"267":{"start":{"line":56,"column":16},"end":{"line":59,"column":20}},"268":{"start":{"line":61,"column":16},"end":{"line":61,"column":35}},"269":{"start":{"line":62,"column":16},"end":{"line":67,"column":19}},"270":{"start":{"line":69,"column":16},"end":{"line":69,"column":43}},"271":{"start":{"line":70,"column":16},"end":{"line":70,"column":35}},"272":{"start":{"line":71,"column":16},"end":{"line":76,"column":19}},"273":{"start":{"line":78,"column":16},"end":{"line":78,"column":37}},"274":{"start":{"line":79,"column":16},"end":{"line":83,"column":19}},"275":{"start":{"line":85,"column":16},"end":{"line":85,"column":35}},"276":{"start":{"line":86,"column":16},"end":{"line":86,"column":22}},"277":{"start":{"line":88,"column":16},"end":{"line":88,"column":35}},"278":{"start":{"line":89,"column":16},"end":{"line":89,"column":51}},"279":{"start":{"line":90,"column":16},"end":{"line":93,"column":19}},"280":{"start":{"line":96,"column":16},"end":{"line":96,"column":39}},"281":{"start":{"line":102,"column":8},"end":{"line":102,"column":46}},"282":{"start":{"line":104,"column":6},"end":{"line":104,"column":20}},"283":{"start":{"line":109,"column":18},"end":{"line":177,"column":9}},"284":{"start":{"line":111,"column":8},"end":{"line":176,"column":38}},"285":{"start":{"line":112,"column":10},"end":{"line":175,"column":11}},"286":{"start":{"line":113,"column":12},"end":{"line":174,"column":13}},"287":{"start":{"line":115,"column":16},"end":{"line":115,"column":35}},"288":{"start":{"line":116,"column":16},"end":{"line":116,"column":40}},"289":{"start":{"line":117,"column":16},"end":{"line":117,"column":35}},"290":{"start":{"line":118,"column":16},"end":{"line":122,"column":19}},"291":{"start":{"line":124,"column":16},"end":{"line":124,"column":42}},"292":{"start":{"line":125,"column":16},"end":{"line":128,"column":17}},"293":{"start":{"line":126,"column":18},"end":{"line":126,"column":38}},"294":{"start":{"line":127,"column":18},"end":{"line":127,"column":24}},"295":{"start":{"line":129,"column":16},"end":{"line":129,"column":41}},"296":{"start":{"line":130,"column":16},"end":{"line":130,"column":35}},"297":{"start":{"line":131,"column":16},"end":{"line":138,"column":19}},"298":{"start":{"line":140,"column":16},"end":{"line":140,"column":44}},"299":{"start":{"line":141,"column":16},"end":{"line":145,"column":19}},"300":{"start":{"line":146,"column":16},"end":{"line":146,"column":36}},"301":{"start":{"line":147,"column":16},"end":{"line":147,"column":22}},"302":{"start":{"line":149,"column":16},"end":{"line":149,"column":36}},"303":{"start":{"line":150,"column":16},"end":{"line":153,"column":19}},"304":{"start":{"line":155,"column":16},"end":{"line":155,"column":44}},"305":{"start":{"line":156,"column":16},"end":{"line":160,"column":19}},"306":{"start":{"line":162,"column":16},"end":{"line":162,"column":36}},"307":{"start":{"line":163,"column":16},"end":{"line":163,"column":22}},"308":{"start":{"line":165,"column":16},"end":{"line":165,"column":36}},"309":{"start":{"line":166,"column":16},"end":{"line":166,"column":53}},"310":{"start":{"line":167,"column":16},"end":{"line":170,"column":19}},"311":{"start":{"line":173,"column":16},"end":{"line":173,"column":40}},"312":{"start":{"line":179,"column":8},"end":{"line":179,"column":44}},"313":{"start":{"line":181,"column":6},"end":{"line":181,"column":18}},"314":{"start":{"line":186,"column":21},"end":{"line":223,"column":9}},"315":{"start":{"line":188,"column":8},"end":{"line":222,"column":37}},"316":{"start":{"line":189,"column":10},"end":{"line":221,"column":11}},"317":{"start":{"line":190,"column":12},"end":{"line":220,"column":13}},"318":{"start":{"line":192,"column":16},"end":{"line":192,"column":35}},"319":{"start":{"line":193,"column":16},"end":{"line":193,"column":40}},"320":{"start":{"line":194,"column":16},"end":{"line":194,"column":92}},"321":{"start":{"line":195,"column":16},"end":{"line":195,"column":35}},"322":{"start":{"line":196,"column":16},"end":{"line":200,"column":19}},"323":{"start":{"line":202,"column":16},"end":{"line":202,"column":42}},"324":{"start":{"line":203,"column":16},"end":{"line":207,"column":19}},"325":{"start":{"line":208,"column":16},"end":{"line":208,"column":36}},"326":{"start":{"line":209,"column":16},"end":{"line":209,"column":22}},"327":{"start":{"line":211,"column":16},"end":{"line":211,"column":35}},"328":{"start":{"line":212,"column":16},"end":{"line":212,"column":53}},"329":{"start":{"line":213,"column":16},"end":{"line":216,"column":19}},"330":{"start":{"line":219,"column":16},"end":{"line":219,"column":40}},"331":{"start":{"line":225,"column":8},"end":{"line":225,"column":47}},"332":{"start":{"line":227,"column":6},"end":{"line":227,"column":21}},"333":{"start":{"line":232,"column":22},"end":{"line":262,"column":9}},"334":{"start":{"line":234,"column":8},"end":{"line":261,"column":37}},"335":{"start":{"line":235,"column":10},"end":{"line":260,"column":11}},"336":{"start":{"line":236,"column":12},"end":{"line":259,"column":13}},"337":{"start":{"line":238,"column":16},"end":{"line":238,"column":35}},"338":{"start":{"line":239,"column":16},"end":{"line":239,"column":35}},"339":{"start":{"line":240,"column":16},"end":{"line":240,"column":39}},"340":{"start":{"line":242,"column":16},"end":{"line":242,"column":38}},"341":{"start":{"line":243,"column":16},"end":{"line":247,"column":20}},"342":{"start":{"line":249,"column":16},"end":{"line":249,"column":35}},"343":{"start":{"line":250,"column":16},"end":{"line":250,"column":53}},"344":{"start":{"line":251,"column":16},"end":{"line":255,"column":20}},"345":{"start":{"line":258,"column":16},"end":{"line":258,"column":40}},"346":{"start":{"line":264,"column":8},"end":{"line":264,"column":48}},"347":{"start":{"line":266,"column":6},"end":{"line":266,"column":22}},"348":{"start":{"line":271,"column":24},"end":{"line":326,"column":9}},"349":{"start":{"line":273,"column":8},"end":{"line":325,"column":38}},"350":{"start":{"line":274,"column":10},"end":{"line":324,"column":11}},"351":{"start":{"line":275,"column":12},"end":{"line":323,"column":13}},"352":{"start":{"line":277,"column":16},"end":{"line":277,"column":35}},"353":{"start":{"line":278,"column":16},"end":{"line":278,"column":41}},"354":{"start":{"line":279,"column":16},"end":{"line":279,"column":35}},"355":{"start":{"line":280,"column":16},"end":{"line":284,"column":19}},"356":{"start":{"line":286,"column":16},"end":{"line":286,"column":42}},"357":{"start":{"line":287,"column":16},"end":{"line":290,"column":17}},"358":{"start":{"line":288,"column":18},"end":{"line":288,"column":38}},"359":{"start":{"line":289,"column":18},"end":{"line":289,"column":24}},"360":{"start":{"line":291,"column":16},"end":{"line":291,"column":35}},"361":{"start":{"line":292,"column":16},"end":{"line":296,"column":19}},"362":{"start":{"line":298,"column":16},"end":{"line":298,"column":44}},"363":{"start":{"line":299,"column":16},"end":{"line":302,"column":19}},"364":{"start":{"line":303,"column":16},"end":{"line":303,"column":36}},"365":{"start":{"line":304,"column":16},"end":{"line":304,"column":22}},"366":{"start":{"line":306,"column":16},"end":{"line":309,"column":19}},"367":{"start":{"line":311,"column":16},"end":{"line":311,"column":36}},"368":{"start":{"line":312,"column":16},"end":{"line":312,"column":22}},"369":{"start":{"line":314,"column":16},"end":{"line":314,"column":36}},"370":{"start":{"line":315,"column":16},"end":{"line":315,"column":53}},"371":{"start":{"line":316,"column":16},"end":{"line":319,"column":19}},"372":{"start":{"line":322,"column":16},"end":{"line":322,"column":40}},"373":{"start":{"line":328,"column":8},"end":{"line":328,"column":50}},"374":{"start":{"line":330,"column":6},"end":{"line":330,"column":24}},"375":{"start":{"line":335,"column":24},"end":{"line":398,"column":9}},"376":{"start":{"line":337,"column":8},"end":{"line":397,"column":38}},"377":{"start":{"line":338,"column":10},"end":{"line":396,"column":11}},"378":{"start":{"line":339,"column":12},"end":{"line":395,"column":13}},"379":{"start":{"line":341,"column":16},"end":{"line":341,"column":35}},"380":{"start":{"line":342,"column":16},"end":{"line":342,"column":40}},"381":{"start":{"line":343,"column":16},"end":{"line":343,"column":160}},"382":{"start":{"line":344,"column":16},"end":{"line":344,"column":35}},"383":{"start":{"line":345,"column":16},"end":{"line":349,"column":19}},"384":{"start":{"line":351,"column":16},"end":{"line":351,"column":42}},"385":{"start":{"line":352,"column":16},"end":{"line":355,"column":17}},"386":{"start":{"line":353,"column":18},"end":{"line":353,"column":38}},"387":{"start":{"line":354,"column":18},"end":{"line":354,"column":24}},"388":{"start":{"line":356,"column":16},"end":{"line":356,"column":35}},"389":{"start":{"line":357,"column":16},"end":{"line":367,"column":19}},"390":{"start":{"line":369,"column":16},"end":{"line":369,"column":44}},"391":{"start":{"line":370,"column":16},"end":{"line":374,"column":19}},"392":{"start":{"line":375,"column":16},"end":{"line":375,"column":36}},"393":{"start":{"line":376,"column":16},"end":{"line":376,"column":22}},"394":{"start":{"line":378,"column":16},"end":{"line":381,"column":19}},"395":{"start":{"line":383,"column":16},"end":{"line":383,"column":36}},"396":{"start":{"line":384,"column":16},"end":{"line":384,"column":22}},"397":{"start":{"line":386,"column":16},"end":{"line":386,"column":36}},"398":{"start":{"line":387,"column":16},"end":{"line":387,"column":53}},"399":{"start":{"line":388,"column":16},"end":{"line":391,"column":19}},"400":{"start":{"line":394,"column":16},"end":{"line":394,"column":40}},"401":{"start":{"line":400,"column":8},"end":{"line":400,"column":50}},"402":{"start":{"line":402,"column":6},"end":{"line":402,"column":24}},"403":{"start":{"line":407,"column":26},"end":{"line":452,"column":9}},"404":{"start":{"line":409,"column":8},"end":{"line":451,"column":38}},"405":{"start":{"line":410,"column":10},"end":{"line":450,"column":11}},"406":{"start":{"line":411,"column":12},"end":{"line":449,"column":13}},"407":{"start":{"line":413,"column":16},"end":{"line":413,"column":35}},"408":{"start":{"line":414,"column":16},"end":{"line":414,"column":42}},"409":{"start":{"line":415,"column":16},"end":{"line":415,"column":35}},"410":{"start":{"line":416,"column":16},"end":{"line":420,"column":19}},"411":{"start":{"line":422,"column":16},"end":{"line":422,"column":42}},"412":{"start":{"line":423,"column":16},"end":{"line":426,"column":17}},"413":{"start":{"line":424,"column":18},"end":{"line":424,"column":37}},"414":{"start":{"line":425,"column":18},"end":{"line":425,"column":24}},"415":{"start":{"line":427,"column":16},"end":{"line":431,"column":20}},"416":{"start":{"line":433,"column":16},"end":{"line":437,"column":20}},"417":{"start":{"line":439,"column":16},"end":{"line":439,"column":36}},"418":{"start":{"line":440,"column":16},"end":{"line":440,"column":53}},"419":{"start":{"line":441,"column":16},"end":{"line":445,"column":20}},"420":{"start":{"line":448,"column":16},"end":{"line":448,"column":40}},"421":{"start":{"line":454,"column":8},"end":{"line":454,"column":52}},"422":{"start":{"line":456,"column":6},"end":{"line":456,"column":26}},"423":{"start":{"line":461,"column":19},"end":{"line":551,"column":9}},"424":{"start":{"line":463,"column":8},"end":{"line":550,"column":38}},"425":{"start":{"line":464,"column":10},"end":{"line":549,"column":11}},"426":{"start":{"line":465,"column":12},"end":{"line":548,"column":13}},"427":{"start":{"line":467,"column":16},"end":{"line":467,"column":35}},"428":{"start":{"line":468,"column":16},"end":{"line":468,"column":96}},"429":{"start":{"line":469,"column":16},"end":{"line":469,"column":35}},"430":{"start":{"line":470,"column":16},"end":{"line":475,"column":19}},"431":{"start":{"line":477,"column":16},"end":{"line":477,"column":42}},"432":{"start":{"line":478,"column":16},"end":{"line":481,"column":17}},"433":{"start":{"line":479,"column":18},"end":{"line":479,"column":37}},"434":{"start":{"line":480,"column":18},"end":{"line":480,"column":24}},"435":{"start":{"line":482,"column":16},"end":{"line":485,"column":19}},"436":{"start":{"line":486,"column":16},"end":{"line":486,"column":36}},"437":{"start":{"line":487,"column":16},"end":{"line":487,"column":22}},"438":{"start":{"line":489,"column":16},"end":{"line":489,"column":41}},"439":{"start":{"line":490,"column":16},"end":{"line":490,"column":47}},"440":{"start":{"line":491,"column":16},"end":{"line":491,"column":39}},"441":{"start":{"line":492,"column":16},"end":{"line":492,"column":36}},"442":{"start":{"line":493,"column":16},"end":{"line":493,"column":72}},"443":{"start":{"line":495,"column":16},"end":{"line":495,"column":51}},"444":{"start":{"line":496,"column":16},"end":{"line":496,"column":64}},"445":{"start":{"line":497,"column":16},"end":{"line":500,"column":17}},"446":{"start":{"line":498,"column":18},"end":{"line":498,"column":38}},"447":{"start":{"line":499,"column":18},"end":{"line":499,"column":24}},"448":{"start":{"line":501,"column":16},"end":{"line":504,"column":17}},"449":{"start":{"line":502,"column":18},"end":{"line":502,"column":38}},"450":{"start":{"line":503,"column":18},"end":{"line":503,"column":24}},"451":{"start":{"line":505,"column":16},"end":{"line":505,"column":36}},"452":{"start":{"line":506,"column":16},"end":{"line":509,"column":19}},"453":{"start":{"line":511,"column":16},"end":{"line":511,"column":40}},"454":{"start":{"line":512,"column":16},"end":{"line":517,"column":20}},"455":{"start":{"line":519,"column":16},"end":{"line":524,"column":20}},"456":{"start":{"line":526,"column":16},"end":{"line":526,"column":36}},"457":{"start":{"line":527,"column":16},"end":{"line":527,"column":22}},"458":{"start":{"line":529,"column":16},"end":{"line":534,"column":20}},"459":{"start":{"line":536,"column":16},"end":{"line":536,"column":36}},"460":{"start":{"line":537,"column":16},"end":{"line":537,"column":22}},"461":{"start":{"line":539,"column":16},"end":{"line":539,"column":36}},"462":{"start":{"line":540,"column":16},"end":{"line":540,"column":53}},"463":{"start":{"line":541,"column":16},"end":{"line":544,"column":19}},"464":{"start":{"line":547,"column":16},"end":{"line":547,"column":40}},"465":{"start":{"line":553,"column":8},"end":{"line":553,"column":45}},"466":{"start":{"line":555,"column":6},"end":{"line":555,"column":19}},"467":{"start":{"line":560,"column":23},"end":{"line":594,"column":9}},"468":{"start":{"line":562,"column":8},"end":{"line":593,"column":37}},"469":{"start":{"line":563,"column":10},"end":{"line":592,"column":11}},"470":{"start":{"line":564,"column":12},"end":{"line":591,"column":13}},"471":{"start":{"line":566,"column":16},"end":{"line":566,"column":35}},"472":{"start":{"line":567,"column":16},"end":{"line":567,"column":35}},"473":{"start":{"line":568,"column":16},"end":{"line":572,"column":19}},"474":{"start":{"line":574,"column":16},"end":{"line":574,"column":42}},"475":{"start":{"line":575,"column":16},"end":{"line":579,"column":20}},"476":{"start":{"line":581,"column":16},"end":{"line":581,"column":35}},"477":{"start":{"line":582,"column":16},"end":{"line":582,"column":53}},"478":{"start":{"line":583,"column":16},"end":{"line":587,"column":20}},"479":{"start":{"line":590,"column":16},"end":{"line":590,"column":40}},"480":{"start":{"line":596,"column":8},"end":{"line":596,"column":49}},"481":{"start":{"line":598,"column":6},"end":{"line":598,"column":23}},"482":{"start":{"line":601,"column":2},"end":{"line":601,"column":21}},"483":{"start":{"line":603,"column":15},"end":{"line":603,"column":26}},"484":{"start":{"line":604,"column":0},"end":{"line":604,"column":30}}},"fnMap":{"0":{"name":"_interopRequireDefault","decl":{"start":{"line":11,"column":9},"end":{"line":11,"column":31}},"loc":{"start":{"line":11,"column":37},"end":{"line":11,"column":97}},"line":11},"1":{"name":"_typeof","decl":{"start":{"line":12,"column":9},"end":{"line":12,"column":16}},"loc":{"start":{"line":12,"column":22},"end":{"line":12,"column":336}},"line":12},"2":{"name":"(anonymous_2)","decl":{"start":{"line":12,"column":136},"end":{"line":12,"column":137}},"loc":{"start":{"line":12,"column":151},"end":{"line":12,"column":173}},"line":12},"3":{"name":"(anonymous_3)","decl":{"start":{"line":12,"column":176},"end":{"line":12,"column":177}},"loc":{"start":{"line":12,"column":191},"end":{"line":12,"column":319}},"line":12},"4":{"name":"_regeneratorRuntime","decl":{"start":{"line":13,"column":9},"end":{"line":13,"column":28}},"loc":{"start":{"line":13,"column":31},"end":{"line":13,"column":12108}},"line":13},"5":{"name":"_regeneratorRuntime","decl":{"start":{"line":13,"column":227},"end":{"line":13,"column":246}},"loc":{"start":{"line":13,"column":249},"end":{"line":13,"column":268}},"line":13},"6":{"name":"(anonymous_6)","decl":{"start":{"line":13,"column":381},"end":{"line":13,"column":382}},"loc":{"start":{"line":13,"column":407},"end":{"line":13,"column":433}},"line":13},"7":{"name":"define","decl":{"start":{"line":13,"column":674},"end":{"line":13,"column":680}},"loc":{"start":{"line":13,"column":698},"end":{"line":13,"column":817}},"line":13},"8":{"name":"define","decl":{"start":{"line":13,"column":874},"end":{"line":13,"column":880}},"loc":{"start":{"line":13,"column":898},"end":{"line":13,"column":926}},"line":13},"9":{"name":"wrap","decl":{"start":{"line":13,"column":939},"end":{"line":13,"column":943}},"loc":{"start":{"line":13,"column":981},"end":{"line":13,"column":1282}},"line":13},"10":{"name":"tryCatch","decl":{"start":{"line":13,"column":1292},"end":{"line":13,"column":1300}},"loc":{"start":{"line":13,"column":1315},"end":{"line":13,"column":1429}},"line":13},"11":{"name":"Generator","decl":{"start":{"line":13,"column":1487},"end":{"line":13,"column":1496}},"loc":{"start":{"line":13,"column":1499},"end":{"line":13,"column":1501}},"line":13},"12":{"name":"GeneratorFunction","decl":{"start":{"line":13,"column":1511},"end":{"line":13,"column":1528}},"loc":{"start":{"line":13,"column":1531},"end":{"line":13,"column":1533}},"line":13},"13":{"name":"GeneratorFunctionPrototype","decl":{"start":{"line":13,"column":1543},"end":{"line":13,"column":1569}},"loc":{"start":{"line":13,"column":1572},"end":{"line":13,"column":1574}},"line":13},"14":{"name":"(anonymous_14)","decl":{"start":{"line":13,"column":1645},"end":{"line":13,"column":1646}},"loc":{"start":{"line":13,"column":1657},"end":{"line":13,"column":1673}},"line":13},"15":{"name":"defineIteratorMethods","decl":{"start":{"line":13,"column":2061},"end":{"line":13,"column":2082}},"loc":{"start":{"line":13,"column":2094},"end":{"line":13,"column":2238}},"line":13},"16":{"name":"(anonymous_16)","decl":{"start":{"line":13,"column":2132},"end":{"line":13,"column":2133}},"loc":{"start":{"line":13,"column":2150},"end":{"line":13,"column":2234}},"line":13},"17":{"name":"(anonymous_17)","decl":{"start":{"line":13,"column":2178},"end":{"line":13,"column":2179}},"loc":{"start":{"line":13,"column":2193},"end":{"line":13,"column":2230}},"line":13},"18":{"name":"AsyncIterator","decl":{"start":{"line":13,"column":2248},"end":{"line":13,"column":2261}},"loc":{"start":{"line":13,"column":2286},"end":{"line":13,"column":3296}},"line":13},"19":{"name":"invoke","decl":{"start":{"line":13,"column":2297},"end":{"line":13,"column":2303}},"loc":{"start":{"line":13,"column":2334},"end":{"line":13,"column":2908}},"line":13},"20":{"name":"(anonymous_20)","decl":{"start":{"line":13,"column":2590},"end":{"line":13,"column":2591}},"loc":{"start":{"line":13,"column":2607},"end":{"line":13,"column":2650}},"line":13},"21":{"name":"(anonymous_21)","decl":{"start":{"line":13,"column":2652},"end":{"line":13,"column":2653}},"loc":{"start":{"line":13,"column":2667},"end":{"line":13,"column":2709}},"line":13},"22":{"name":"(anonymous_22)","decl":{"start":{"line":13,"column":2745},"end":{"line":13,"column":2746}},"loc":{"start":{"line":13,"column":2766},"end":{"line":13,"column":2812}},"line":13},"23":{"name":"(anonymous_23)","decl":{"start":{"line":13,"column":2814},"end":{"line":13,"column":2815}},"loc":{"start":{"line":13,"column":2831},"end":{"line":13,"column":2882}},"line":13},"24":{"name":"value","decl":{"start":{"line":13,"column":2980},"end":{"line":13,"column":2985}},"loc":{"start":{"line":13,"column":2999},"end":{"line":13,"column":3290}},"line":13},"25":{"name":"callInvokeWithMethodAndArg","decl":{"start":{"line":13,"column":3010},"end":{"line":13,"column":3036}},"loc":{"start":{"line":13,"column":3039},"end":{"line":13,"column":3136}},"line":13},"26":{"name":"(anonymous_26)","decl":{"start":{"line":13,"column":3064},"end":{"line":13,"column":3065}},"loc":{"start":{"line":13,"column":3091},"end":{"line":13,"column":3132}},"line":13},"27":{"name":"makeInvokeMethod","decl":{"start":{"line":13,"column":3306},"end":{"line":13,"column":3322}},"loc":{"start":{"line":13,"column":3347},"end":{"line":13,"column":4501}},"line":13},"28":{"name":"(anonymous_28)","decl":{"start":{"line":13,"column":3386},"end":{"line":13,"column":3387}},"loc":{"start":{"line":13,"column":3409},"end":{"line":13,"column":4498}},"line":13},"29":{"name":"maybeInvokeDelegate","decl":{"start":{"line":13,"column":4511},"end":{"line":13,"column":4530}},"loc":{"start":{"line":13,"column":4550},"end":{"line":13,"column":5621}},"line":13},"30":{"name":"pushTryEntry","decl":{"start":{"line":13,"column":5631},"end":{"line":13,"column":5643}},"loc":{"start":{"line":13,"column":5650},"end":{"line":13,"column":5825}},"line":13},"31":{"name":"resetTryEntry","decl":{"start":{"line":13,"column":5835},"end":{"line":13,"column":5848}},"loc":{"start":{"line":13,"column":5856},"end":{"line":13,"column":5966}},"line":13},"32":{"name":"Context","decl":{"start":{"line":13,"column":5976},"end":{"line":13,"column":5983}},"loc":{"start":{"line":13,"column":5997},"end":{"line":13,"column":6097}},"line":13},"33":{"name":"values","decl":{"start":{"line":13,"column":6107},"end":{"line":13,"column":6113}},"loc":{"start":{"line":13,"column":6124},"end":{"line":13,"column":6607}},"line":13},"34":{"name":"next","decl":{"start":{"line":13,"column":6363},"end":{"line":13,"column":6367}},"loc":{"start":{"line":13,"column":6370},"end":{"line":13,"column":6546}},"line":13},"35":{"name":"doneResult","decl":{"start":{"line":13,"column":6617},"end":{"line":13,"column":6627}},"loc":{"start":{"line":13,"column":6630},"end":{"line":13,"column":6672}},"line":13},"36":{"name":"(anonymous_36)","decl":{"start":{"line":13,"column":7075},"end":{"line":13,"column":7076}},"loc":{"start":{"line":13,"column":7093},"end":{"line":13,"column":7264}},"line":13},"37":{"name":"(anonymous_37)","decl":{"start":{"line":13,"column":7281},"end":{"line":13,"column":7282}},"loc":{"start":{"line":13,"column":7299},"end":{"line":13,"column":7544}},"line":13},"38":{"name":"(anonymous_38)","decl":{"start":{"line":13,"column":7562},"end":{"line":13,"column":7563}},"loc":{"start":{"line":13,"column":7577},"end":{"line":13,"column":7605}},"line":13},"39":{"name":"(anonymous_39)","decl":{"start":{"line":13,"column":7708},"end":{"line":13,"column":7709}},"loc":{"start":{"line":13,"column":7720},"end":{"line":13,"column":7736}},"line":13},"40":{"name":"(anonymous_40)","decl":{"start":{"line":13,"column":7794},"end":{"line":13,"column":7795}},"loc":{"start":{"line":13,"column":7854},"end":{"line":13,"column":8137}},"line":13},"41":{"name":"(anonymous_41)","decl":{"start":{"line":13,"column":8063},"end":{"line":13,"column":8064}},"loc":{"start":{"line":13,"column":8081},"end":{"line":13,"column":8133}},"line":13},"42":{"name":"(anonymous_42)","decl":{"start":{"line":13,"column":8237},"end":{"line":13,"column":8238}},"loc":{"start":{"line":13,"column":8249},"end":{"line":13,"column":8265}},"line":13},"43":{"name":"(anonymous_43)","decl":{"start":{"line":13,"column":8291},"end":{"line":13,"column":8292}},"loc":{"start":{"line":13,"column":8303},"end":{"line":13,"column":8335}},"line":13},"44":{"name":"(anonymous_44)","decl":{"start":{"line":13,"column":8353},"end":{"line":13,"column":8354}},"loc":{"start":{"line":13,"column":8368},"end":{"line":13,"column":8638}},"line":13},"45":{"name":"next","decl":{"start":{"line":13,"column":8483},"end":{"line":13,"column":8487}},"loc":{"start":{"line":13,"column":8490},"end":{"line":13,"column":8635}},"line":13},"46":{"name":"reset","decl":{"start":{"line":13,"column":8725},"end":{"line":13,"column":8730}},"loc":{"start":{"line":13,"column":8746},"end":{"line":13,"column":9089}},"line":13},"47":{"name":"stop","decl":{"start":{"line":13,"column":9106},"end":{"line":13,"column":9110}},"loc":{"start":{"line":13,"column":9113},"end":{"line":13,"column":9253}},"line":13},"48":{"name":"dispatchException","decl":{"start":{"line":13,"column":9283},"end":{"line":13,"column":9300}},"loc":{"start":{"line":13,"column":9312},"end":{"line":13,"column":10251}},"line":13},"49":{"name":"handle","decl":{"start":{"line":13,"column":9375},"end":{"line":13,"column":9381}},"loc":{"start":{"line":13,"column":9395},"end":{"line":13,"column":9544}},"line":13},"50":{"name":"abrupt","decl":{"start":{"line":13,"column":10270},"end":{"line":13,"column":10276}},"loc":{"start":{"line":13,"column":10288},"end":{"line":13,"column":10886}},"line":13},"51":{"name":"complete","decl":{"start":{"line":13,"column":10907},"end":{"line":13,"column":10915}},"loc":{"start":{"line":13,"column":10934},"end":{"line":13,"column":11262}},"line":13},"52":{"name":"finish","decl":{"start":{"line":13,"column":11281},"end":{"line":13,"column":11287}},"loc":{"start":{"line":13,"column":11300},"end":{"line":13,"column":11526}},"line":13},"53":{"name":"_catch","decl":{"start":{"line":13,"column":11546},"end":{"line":13,"column":11552}},"loc":{"start":{"line":13,"column":11561},"end":{"line":13,"column":11855}},"line":13},"54":{"name":"delegateYield","decl":{"start":{"line":13,"column":11881},"end":{"line":13,"column":11894}},"loc":{"start":{"line":13,"column":11926},"end":{"line":13,"column":12094}},"line":13},"55":{"name":"asyncGeneratorStep","decl":{"start":{"line":14,"column":9},"end":{"line":14,"column":27}},"loc":{"start":{"line":14,"column":75},"end":{"line":14,"column":265}},"line":14},"56":{"name":"_asyncToGenerator","decl":{"start":{"line":15,"column":9},"end":{"line":15,"column":26}},"loc":{"start":{"line":15,"column":31},"end":{"line":15,"column":389}},"line":15},"57":{"name":"(anonymous_57)","decl":{"start":{"line":15,"column":40},"end":{"line":15,"column":41}},"loc":{"start":{"line":15,"column":52},"end":{"line":15,"column":386}},"line":15},"58":{"name":"(anonymous_58)","decl":{"start":{"line":15,"column":108},"end":{"line":15,"column":109}},"loc":{"start":{"line":15,"column":135},"end":{"line":15,"column":382}},"line":15},"59":{"name":"_next","decl":{"start":{"line":15,"column":178},"end":{"line":15,"column":183}},"loc":{"start":{"line":15,"column":191},"end":{"line":15,"column":266}},"line":15},"60":{"name":"_throw","decl":{"start":{"line":15,"column":276},"end":{"line":15,"column":282}},"loc":{"start":{"line":15,"column":288},"end":{"line":15,"column":362}},"line":15},"61":{"name":"_classCallCheck","decl":{"start":{"line":16,"column":9},"end":{"line":16,"column":24}},"loc":{"start":{"line":16,"column":48},"end":{"line":16,"column":153}},"line":16},"62":{"name":"_defineProperties","decl":{"start":{"line":17,"column":9},"end":{"line":17,"column":26}},"loc":{"start":{"line":17,"column":42},"end":{"line":17,"column":333}},"line":17},"63":{"name":"_createClass","decl":{"start":{"line":18,"column":9},"end":{"line":18,"column":21}},"loc":{"start":{"line":18,"column":60},"end":{"line":18,"column":285}},"line":18},"64":{"name":"_toPropertyKey","decl":{"start":{"line":19,"column":9},"end":{"line":19,"column":23}},"loc":{"start":{"line":19,"column":29},"end":{"line":19,"column":125}},"line":19},"65":{"name":"_toPrimitive","decl":{"start":{"line":20,"column":9},"end":{"line":20,"column":21}},"loc":{"start":{"line":20,"column":35},"end":{"line":20,"column":381}},"line":20},"66":{"name":"(anonymous_66)","decl":{"start":{"line":25,"column":31},"end":{"line":25,"column":32}},"loc":{"start":{"line":25,"column":43},"end":{"line":602,"column":1}},"line":25},"67":{"name":"UserControl","decl":{"start":{"line":26,"column":11},"end":{"line":26,"column":22}},"loc":{"start":{"line":26,"column":25},"end":{"line":28,"column":3}},"line":26},"68":{"name":"(anonymous_68)","decl":{"start":{"line":31,"column":11},"end":{"line":31,"column":12}},"loc":{"start":{"line":31,"column":23},"end":{"line":105,"column":5}},"line":31},"69":{"name":"_callee","decl":{"start":{"line":32,"column":88},"end":{"line":32,"column":95}},"loc":{"start":{"line":32,"column":106},"end":{"line":100,"column":7}},"line":32},"70":{"name":"_callee$","decl":{"start":{"line":34,"column":51},"end":{"line":34,"column":59}},"loc":{"start":{"line":34,"column":70},"end":{"line":99,"column":9}},"line":34},"71":{"name":"signup","decl":{"start":{"line":101,"column":15},"end":{"line":101,"column":21}},"loc":{"start":{"line":101,"column":31},"end":{"line":103,"column":7}},"line":101},"72":{"name":"(anonymous_72)","decl":{"start":{"line":108,"column":11},"end":{"line":108,"column":12}},"loc":{"start":{"line":108,"column":23},"end":{"line":182,"column":5}},"line":108},"73":{"name":"_callee2","decl":{"start":{"line":109,"column":86},"end":{"line":109,"column":94}},"loc":{"start":{"line":109,"column":105},"end":{"line":177,"column":7}},"line":109},"74":{"name":"_callee2$","decl":{"start":{"line":111,"column":51},"end":{"line":111,"column":60}},"loc":{"start":{"line":111,"column":72},"end":{"line":176,"column":9}},"line":111},"75":{"name":"Like","decl":{"start":{"line":178,"column":15},"end":{"line":178,"column":19}},"loc":{"start":{"line":178,"column":30},"end":{"line":180,"column":7}},"line":178},"76":{"name":"(anonymous_76)","decl":{"start":{"line":185,"column":11},"end":{"line":185,"column":12}},"loc":{"start":{"line":185,"column":23},"end":{"line":228,"column":5}},"line":185},"77":{"name":"_callee3","decl":{"start":{"line":186,"column":89},"end":{"line":186,"column":97}},"loc":{"start":{"line":186,"column":108},"end":{"line":223,"column":7}},"line":186},"78":{"name":"_callee3$","decl":{"start":{"line":188,"column":51},"end":{"line":188,"column":60}},"loc":{"start":{"line":188,"column":72},"end":{"line":222,"column":9}},"line":188},"79":{"name":"Comment","decl":{"start":{"line":224,"column":15},"end":{"line":224,"column":22}},"loc":{"start":{"line":224,"column":33},"end":{"line":226,"column":7}},"line":224},"80":{"name":"(anonymous_80)","decl":{"start":{"line":231,"column":11},"end":{"line":231,"column":12}},"loc":{"start":{"line":231,"column":23},"end":{"line":267,"column":5}},"line":231},"81":{"name":"_callee4","decl":{"start":{"line":232,"column":90},"end":{"line":232,"column":98}},"loc":{"start":{"line":232,"column":109},"end":{"line":262,"column":7}},"line":232},"82":{"name":"_callee4$","decl":{"start":{"line":234,"column":51},"end":{"line":234,"column":60}},"loc":{"start":{"line":234,"column":72},"end":{"line":261,"column":9}},"line":234},"83":{"name":"getUsers","decl":{"start":{"line":263,"column":15},"end":{"line":263,"column":23}},"loc":{"start":{"line":263,"column":34},"end":{"line":265,"column":7}},"line":263},"84":{"name":"(anonymous_84)","decl":{"start":{"line":270,"column":11},"end":{"line":270,"column":12}},"loc":{"start":{"line":270,"column":23},"end":{"line":331,"column":5}},"line":270},"85":{"name":"_callee5","decl":{"start":{"line":271,"column":92},"end":{"line":271,"column":100}},"loc":{"start":{"line":271,"column":111},"end":{"line":326,"column":7}},"line":271},"86":{"name":"_callee5$","decl":{"start":{"line":273,"column":51},"end":{"line":273,"column":60}},"loc":{"start":{"line":273,"column":72},"end":{"line":325,"column":9}},"line":273},"87":{"name":"deleteUser","decl":{"start":{"line":327,"column":15},"end":{"line":327,"column":25}},"loc":{"start":{"line":327,"column":37},"end":{"line":329,"column":7}},"line":327},"88":{"name":"(anonymous_88)","decl":{"start":{"line":334,"column":11},"end":{"line":334,"column":12}},"loc":{"start":{"line":334,"column":23},"end":{"line":403,"column":5}},"line":334},"89":{"name":"_callee6","decl":{"start":{"line":335,"column":92},"end":{"line":335,"column":100}},"loc":{"start":{"line":335,"column":111},"end":{"line":398,"column":7}},"line":335},"90":{"name":"_callee6$","decl":{"start":{"line":337,"column":51},"end":{"line":337,"column":60}},"loc":{"start":{"line":337,"column":72},"end":{"line":397,"column":9}},"line":337},"91":{"name":"UpdateUser","decl":{"start":{"line":399,"column":15},"end":{"line":399,"column":25}},"loc":{"start":{"line":399,"column":38},"end":{"line":401,"column":7}},"line":399},"92":{"name":"(anonymous_92)","decl":{"start":{"line":406,"column":11},"end":{"line":406,"column":12}},"loc":{"start":{"line":406,"column":23},"end":{"line":457,"column":5}},"line":406},"93":{"name":"_callee7","decl":{"start":{"line":407,"column":94},"end":{"line":407,"column":102}},"loc":{"start":{"line":407,"column":113},"end":{"line":452,"column":7}},"line":407},"94":{"name":"_callee7$","decl":{"start":{"line":409,"column":51},"end":{"line":409,"column":60}},"loc":{"start":{"line":409,"column":72},"end":{"line":451,"column":9}},"line":409},"95":{"name":"findUserById","decl":{"start":{"line":453,"column":15},"end":{"line":453,"column":27}},"loc":{"start":{"line":453,"column":40},"end":{"line":455,"column":7}},"line":453},"96":{"name":"(anonymous_96)","decl":{"start":{"line":460,"column":11},"end":{"line":460,"column":12}},"loc":{"start":{"line":460,"column":23},"end":{"line":556,"column":5}},"line":460},"97":{"name":"_callee8","decl":{"start":{"line":461,"column":87},"end":{"line":461,"column":95}},"loc":{"start":{"line":46
[...]
0,0],"6":[1,0],"7":[1,0],"8":[1,0],"9":[1,0],"10":[1,0],"11":[4,0],"12":[4,4],"13":[4,0],"14":[1,1],"15":[1,1,1,1],"16":[0,0],"17":[0,0],"18":[0,0,0],"19":[0,0],"20":[0,11],"21":[0,11],"22":[0,0],"23":[0,14],"24":[0,0],"25":[0,0],"26":[10,4],"27":[3,1],"28":[0,3],"29":[1,1],"30":[11,2],"31":[1,10],"32":[3,8],"33":[2,2],"34":[0,0],"35":[0,0,0,0,0],"36":[0,0],"37":[0,0],"38":[0,0],"39":[0,0],"40":[5,5],"41":[5,0],"42":[10,9],"43":[1,0],"44":[1,0],"45":[0,0],"46":[0,0],"47":[0,0],"48":[0,0],"49":[0,0,0],"50":[0,0],"51":[4,0],"52":[0,0],"53":[0,0],"54":[0,0],"55":[0,0],"56":[0,4],"57":[0,0,0,0],"58":[1,3],"59":[1,2],"60":[2,1],"61":[1,3],"62":[3,0],"63":[0,3],"64":[3,3],"65":[0,0],"66":[0,0],"67":[3,0],"68":[1,2],"69":[0,0],"70":[0,0],"71":[0,4],"72":[4,2,0],"73":[2,0,0,0,0,0],"74":[0,2],"75":[0,2],"76":[0,2],"77":[0,2],"78":[2,2],"79":[2,0],"80":[0,0,0],"81":[0,0],"82":[1,0],"83":[1,0],"84":[0,0],"85":[3,7],"86":[0,0],"87":[4,4],"88":[4,0],"89":[0,1],"90":[1,0],"91":[0,4],"92":[4,0],"93":[4,0],"94":[0,0],"95":[0,0],"96":[0,0],"97":[0,0],"98":[1,1,0,1,0,0,0,0,1,0,1],"99":[0,0],"100":[1,1,1,0,1,0,1,1],"101":[0,1],"102":[1,1,0,0,1],"103":[1,1,1,0,1,0,1,1],"104":[0,1]},"inputSourceMap":{"version":3,"names":["blogs","Models","BlogController","req","res","body","title","content","create","createdata","status","json","message","data","modelId","params","id","findOne","where","findBlog","destroy","deleteDate","modelid","findData","update","returning","updatedata","stastus","findAll","blog","responseCode"],"sourceRoot":"C:\\Users\\USER\\Documents\\Backend\\src\\controls\\","sources":["BlogController.js"],"sourcesContent":["import Models from  \"../db/models\"\r\nconst {blogs}=Models;  \r\nimport { Sequelize } from \"sequelize\";\r\n\r\nclass BlogController{\r\n\r\nstatic async addBlogs(req,res){\r\n    try {\r\n        const {title,content}=req.body\r\n        const createdata= await blogs.create({\r\n            title,\r\n            content\r\n          \r\n        })\r\n        res.status(200).json({\r\n            status:200,\r\n            message:\"blogs created successfully\",\r\n            data:createdata\r\n        })\r\n    } catch (error) {\r\n        res.status(500).json({\r\n            status:500,\r\n            message:\"Server error :\" +error.message\r\n        })\r\n    }\r\n    try {\r\n        const modelId = req.params.id\r\n        const findBlog = await blogs.findOne({\r\n            where: { id: modelId}\r\n        });\r\n        if(findBlog){\r\n            const deleteDate = await blogs.destroy({\r\n                where: {id:modelId}\r\n            });\r\n            res.status(200).json({\r\n                status: 200,\r\n                message:\"Blog Deleted\",\r\n            });\r\n        }\r\n        else{\r\n            res.status(404).json({\r\n                status:404,\r\n                message:\"Blog not found\"\r\n            })\r\n        }\r\n\r\n        \r\n    } catch (error) {\r\n        res.status(500).json({\r\n            status:500,\r\n            message:\"Server error :\" +error.message\r\n        })\r\n    }\r\n}\r\n\r\nstatic async UpdateBlog(req, res){\r\n    try {\r\n    \r\n        const modelid = req.params.id\r\n        const {title,content}= req.body    \r\n        const findData = await blogs.findOne({\r\n            where: {id:modelid}\r\n        });\r\n        if(findData){\r\n            const updatedata = await blogs.update({\r\n              title,\r\n              content\r\n                \r\n            }, {where: {id:modelid}, returning: true })\r\n            res.status(200).json({\r\n                status: 200,\r\n                message:\"Blog update\",\r\n                data:updatedata\r\n            });\r\n        }else{\r\n            res.status(404).json({\r\n                stastus:404,\r\n                message:\"Blog is not Find\"\r\n            });\r\n        } \r\n    } catch (error) {\r\n        res.status(500).json({\r\n            status:500,\r\n            message:\"Server error :\" +error.message\r\n        })\r\n    }\r\n\r\n}\r\n\r\nstatic async getBlog(req, res) {\r\n    try {\r\n      const blog =await blogs.findAll();\r\n     return res.status(200).json({\r\n        responseCode:200,\r\n        status: 'Success',\r\n        data: blog,\r\n      });\r\n    } catch (error) {\r\n     return res.status(500).json({\r\n        responseCode:500,\r\n        status: 'Failed',\r\n        message: error.message \r\n        });\r\n    }\r\n  }\r\n\r\n\r\n  static async deleteBlog(req, res){\r\n    try {\r\n        const modelId = req.params.id\r\n        const findBlog = await blogs.findOne({\r\n            where: { id: modelId}\r\n        });\r\n        if(findBlog){\r\n            const deleteDate = await blogs.destroy({\r\n                where: {id:modelId}\r\n            });\r\n            res.status(200).json({\r\n                status: 200,\r\n                message:\"Blog Deleted Successful\",\r\n            });\r\n        }\r\n        else{\r\n            res.status(404).json({\r\n                status:404,\r\n                message:\"Blog is  not found\"\r\n            })\r\n        }            \r\n    } catch (error) {\r\n        res.status(500).json({\r\n            status:500,\r\n            message:\"server problen :\" + error.message\r\n        });\r\n    }\r\n}\r\n\r\n//   static async CountLikandComment(req,res){\r\n//     try {   \r\n           \r\n//             // const schoolId = req.params.id;\r\n//             const Results = await blogs.findAll({\r\n//               attributes: [\r\n//                 \"id\",\r\n      \r\n//                 [Sequelize.fn(\"sum\", Sequelize.col(\"like\")), \"total\"],\r\n//                 [Sequelize.fn(\"COUNT\", Sequelize.col(\"id\")), \"numberoflike\"],\r\n//               ],\r\n//               group: [\"id\", \"id\"],\r\n//               raw: true,\r\n              \r\n//                 where:{like:\"like\"},\r\n              \r\n//               order: Sequelize.literal(\"total DESC\"),\r\n//               include: [\r\n//                 { model: blogs, attributes: [\"title\"], json: true },\r\n                \r\n                    \r\n//                     ],\r\n//                     // }]\r\n//                   });\r\n//                   if (Results) {\r\n//                     console.log(Results);\r\n//                     return res.status(200).json({\r\n//                       status: 200,\r\n//                       message: \"female with total\",\r\n//                       data: Results,\r\n//                     });\r\n//                   }\r\n//                   return res.status(404).json({\r\n//                     status: 404,\r\n//                     message: \"No Data Found\",\r\n//                   });\r\n//       } catch (error) {\r\n//        return res.status(500).json({\r\n//           responseCode:500,\r\n//           status: 'Failed',\r\n//           message: error.message \r\n//           });\r\n//       }\r\n      \r\n// }\r\n\r\n}\r\nexport default BlogController"],"mappings":";;;;;;AAAA;AAEA;AAAsC;AAAA;AAAA,+CADtC;AAAA;AAAA;AAAA;AAAA;AAAA;AAAA;AAAA;AAAA,IAAOA,KAAK,GAAEC,kBAAM,CAAbD,KAAK;AAAS,IAGfE,cAAc;EAAA;IAAA;EAAA;EAAA;IAAA;IAAA;MAAA,2EAEpB,iBAAsBC,GAAG,EAACC,GAAG;QAAA;QAAA;UAAA;YAAA;cAAA;gBAAA;gBAAA,YAECD,GAAG,CAACE,IAAI,EAAvBC,KAAK,aAALA,KAAK,EAACC,OAAO,aAAPA,OAAO;gBAAA;gBAAA,OACIP,KAAK,CAACQ,MAAM,CAAC;kBACjCF,KAAK,EAALA,KAAK;kBACLC,OAAO,EAAPA;gBAEJ,CAAC,CAAC;cAAA;gBAJIE,UAAU;gBAKhBL,GAAG,CAACM,MAAM,CAAC,GAAG,CAAC,CAACC,IAAI,CAAC;kBACjBD,MAAM,EAAC,GAAG;kBACVE,OAAO,EAAC,4BAA4B;kBACpCC,IAAI,EAACJ;gBACT,CAAC,CAAC;gBAAA;gBAAA;cAAA;gBAAA;gBAAA;gBAEFL,GAAG,CAACM,MAAM,CAAC,GAAG,CAAC,CAACC,IAAI,CAAC;kBACjBD,MAAM,EAAC,GAAG;kBACVE,OAAO,EAAC,gBAAgB,GAAE,YAAMA;gBACpC,CAAC,CAAC;cAAA;gBAAA;gBAGIE,OAAO,GAAGX,GAAG,CAACY,MAAM,CAACC,EAAE;gBAAA;gBAAA,OACNhB,KAAK,CAACiB,OAAO,CAAC;kBACjCC,KAAK,EAAE;oBAAEF,EAAE,EAAEF;kBAAO;gBACxB,CAAC,CAAC;cAAA;gBAFIK,QAAQ;gBAAA,KAGXA,QAAQ;kBAAA;kBAAA;gBAAA;gBAAA;gBAAA,OACkBnB,KAAK,CAACoB,OAAO,CAAC;kBACnCF,KAAK,EAAE;oBAACF,EAAE,EAACF;kBAAO;gBACtB,CAAC,CAAC;cAAA;gBAFIO,UAAU;gBAGhBjB,GAAG,CAACM,MAAM,CAAC,GAAG,CAAC,CAACC,IAAI,CAAC;kBACjBD,MAAM,EAAE,GAAG;kBACXE,OAAO,EAAC;gBACZ,CAAC,CAAC;gBAAC;gBAAA;cAAA;gBAGHR,GAAG,CAACM,MAAM,CAAC,GAAG,CAAC,CAACC,IAAI,CAAC;kBACjBD,MAAM,EAAC,GAAG;kBACVE,OAAO,EAAC;gBACZ,CAAC,CAAC;cAAA;gBAAA;gBAAA;cAAA;gBAAA;gBAAA;gBAKNR,GAAG,CAACM,MAAM,CAAC,GAAG,CAAC,CAACC,IAAI,CAAC;kBACjBD,MAAM,EAAC,GAAG;kBACVE,OAAO,EAAC,gBAAgB,GAAE,YAAMA;gBACpC,CAAC,CAAC;cAAA;cAAA;gBAAA;YAAA;UAAA;QAAA;MAAA,CAET;MAAA;QAAA;MAAA;MAAA;IAAA;EAAA;IAAA;IAAA;MAAA,6EAED,kBAAwBT,GAAG,EAAEC,GAAG;QAAA;QAAA;UAAA;YAAA;cAAA;gBAAA;gBAGlBkB,OAAO,GAAGnB,GAAG,CAACY,MAAM,CAACC,EAAE;gBAAA,aACNb,GAAG,CAACE,IAAI,EAAxBC,KAAK,cAALA,KAAK,EAACC,OAAO,cAAPA,OAAO;gBAAA;gBAAA,OACGP,KAAK,CAACiB,OAAO,CAAC;kBACjCC,KAAK,EAAE;oBAACF,EAAE,EAACM;kBAAO;gBACtB,CAAC,CAAC;cAAA;gBAFIC,QAAQ;gBAAA,KAGXA,QAAQ;kBAAA;kBAAA;gBAAA;gBAAA;gBAAA,OACkBvB,KAAK,CAACwB,MAAM,CAAC;kBACpClB,KAAK,EAALA,KAAK;kBACLC,OAAO,EAAPA;gBAEF,CAAC,EAAE;kBAACW,KAAK,EAAE;oBAACF,EAAE,EAACM;kBAAO,CAAC;kBAAEG,SAAS,EAAE;gBAAK,CAAC,CAAC;cAAA;gBAJrCC,UAAU;gBAKhBtB,GAAG,CAACM,MAAM,CAAC,GAAG,CAAC,CAACC,IAAI,CAAC;kBACjBD,MAAM,EAAE,GAAG;kBACXE,OAAO,EAAC,aAAa;kBACrBC,IAAI,EAACa;gBACT,CAAC,CAAC;gBAAC;gBAAA;cAAA;gBAEHtB,GAAG,CAACM,MAAM,CAAC,GAAG,CAAC,CAACC,IAAI,CAAC;kBACjBgB,OAAO,EAAC,GAAG;kBACXf,OAAO,EAAC;gBACZ,CAAC,CAAC;cAAC;gBAAA;gBAAA;cAAA;gBAAA;gBAAA;gBAGPR,GAAG,CAACM,MAAM,CAAC,GAAG,CAAC,CAACC,IAAI,CAAC;kBACjBD,MAAM,EAAC,GAAG;kBACVE,OAAO,EAAC,gBAAgB,GAAE,aAAMA;gBACpC,CAAC,CAAC;cAAA;cAAA;gBAAA;YAAA;UAAA;QAAA;MAAA,CAGT;MAAA;QAAA;MAAA;MAAA;IAAA;EAAA;IAAA;IAAA;MAAA,0EAED,kBAAqBT,GAAG,EAAEC,GAAG;QAAA;QAAA;UAAA;YAAA;cAAA;gBAAA;gBAAA;gBAAA,OAELJ,KAAK,CAAC4B,OAAO,EAAE;cAAA;gBAA3BC,IAAI;gBAAA,kCACJzB,GAAG,CAACM,MAAM,CAAC,GAAG,CAAC,CAACC,IAAI,CAAC;kBACzBmB,YAAY,EAAC,GAAG;kBAChBpB,MAAM,EAAE,SAAS;kBACjBG,IAAI,EAAEgB;gBACR,CAAC,CAAC;cAAA;gBAAA;gBAAA;gBAAA,kCAEIzB,GAAG,CAACM,MAAM,CAAC,GAAG,CAAC,CAACC,IAAI,CAAC;kBACzBmB,YAAY,EAAC,GAAG;kBAChBpB,MAAM,EAAE,QAAQ;kBAChBE,OAAO,EAAE,aAAMA;gBACf,CAAC,CAAC;cAAA;cAAA;gBAAA;YAAA;UAAA;QAAA;MAAA,CAEP;MAAA;QAAA;MAAA;MAAA;IAAA;EAAA;IAAA;IAAA;MAAA,6EAGD,kBAAwBT,GAAG,EAAEC,GAAG;QAAA;QAAA;UAAA;YAAA;cAAA;gBAAA;gBAEpBU,OAAO,GAAGX,GAAG,CAACY,MAAM,CAACC,EAAE;gBAAA;gBAAA,OACNhB,KAAK,CAACiB,OAAO,CAAC;kBACjCC,KAAK,EAAE;oBAAEF,EAAE,EAAEF;kBAAO;gBACxB,CAAC,CAAC;cAAA;gBAFIK,QAAQ;gBAAA,KAGXA,QAAQ;kBAAA;kBAAA;gBAAA;gBAAA;gBAAA,OACkBnB,KAAK,CAACoB,OAAO,CAAC;kBACnCF,KAAK,EAAE;oBAACF,EAAE,EAACF;kBAAO;gBACtB,CAAC,CAAC;cAAA;gBAFIO,UAAU;gBAGhBjB,GAAG,CAACM,MAAM,CAAC,GAAG,CAAC,CAACC,IAAI,CAAC;kBACjBD,MAAM,EAAE,GAAG;kBACXE,OAAO,EAAC;gBACZ,CAAC,CAAC;gBAAC;gBAAA;cAAA;gBAGHR,GAAG,CAACM,MAAM,CAAC,GAAG,CAAC,CAACC,IAAI,CAAC;kBACjBD,MAAM,EAAC,GAAG;kBACVE,OAAO,EAAC;gBACZ,CAAC,CAAC;cAAA;gBAAA;gBAAA;cAAA;gBAAA;gBAAA;gBAGNR,GAAG,CAACM,MAAM,CAAC,GAAG,CAAC,CAACC,IAAI,CAAC;kBACjBD,MAAM,EAAC,GAAG;kBACVE,OAAO,EAAC,kBAAkB,GAAG,aAAMA;gBACvC,CAAC,CAAC;cAAC;cAAA;gBAAA;YAAA;UAAA;QAAA;MAAA,CAEV;MAAA;QAAA;MAAA;MAAA;IAAA,IAED;IACA;IAEA;IACA;IACA;IACA;IAEA;IACA;IACA;IACA;IACA;IAEA;IAEA;IACA;IACA;IAGA;IACA;IACA;IACA;IACA;IACA;IACA;IACA;IACA;IACA;IACA;IACA;IACA;IACA;IACA;IACA;IACA;IACA;IACA;IACA;IACA;IACA;IAEA;EAAA;EAAA;AAAA;AAAA,eAGeV,cAAc;AAAA"},"_coverageSchema":"1a1c01bbd47fc00a2c39e90264f33305004495a9","hash":"57db99f41bddbe082b13a6aebed67bf9361e2a6c","contentHash":"28f2a1de33d7a6fe46b1471fa7aee60dc93575d8b4b01323bc37c16fabc8f663"},"C:\\Users\\USER\\Documents\\Backend\\src\\middelwares\\blogValidation.js":{"path":"C:\\Users\\USER\\Documents\\Backend\\src\\middelwares\\blogValidation.js","statementMap":{"0":{"start":{"line":3,"column":0},"end":{"line":5,"column":3}},"1":{"start":{"line":6,"column":0},"end":{"line":6,"column":28}},"2":{"start":{"line":7,"column":15},"end":{"line":7,"column":33}},"3":{"start":{"line":8,"column":11},"end":{"line":8,"column":49}},"4":{"start":{"line":9,"column":39},"end":{"line":9,"column":95}},"5":{"start":{"line":10,"column":21},"end":{"line":24,"column":1}},"6":{"start":{"line":11,"column":16},"end":{"line":14,"column":4}},"7":{"start":{"line":15,"column":26},"end":{"line":15,"column":52}},"8":{"start":{"line":16,"column":12},"end":{"line":16,"column":35}},"9":{"start":{"line":17,"column":2},"end":{"line":22,"column":3}},"10":{"start":{"line":18,"column":4},"end":{"line":21,"column":7}},"11":{"start":{"line":23,"column":2},"end":{"line":23,"column":9}},"12":{"start":{"line":25,"column":15},"end":{"line":25,"column":29}},"13":{"start":{"line":26,"column":0},"end":{"line":26,"column":30}}},"fnMap":{"0":{"name":"_interopRequireDefault","decl":{"start":{"line":9,"column":9},"end":{"line":9,"column":31}},"loc":{"start":{"line":9,"column":37},"end":{"line":9,"column":97}},"line":9},"1":{"name":"blogValidation","decl":{"start":{"line":10,"column":30},"end":{"line":10,"column":44}},"loc":{"start":{"line":10,"column":61},"end":{"line":24,"column":1}},"line":10}},"branchMap":{"0":{"loc":{"start":{"line":9,"column":46},"end":{"line":9,"column":94}},"type":"cond-expr","locations":[{"start":{"line":9,"column":70},"end":{"line":9,"column":73}},{"start":{"line":9,"column":76},"end":{"line":9,"column":94}}],"line":9},"1":{"loc":{"start":{"line":9,"column":46},"end":{"line":9,"column":67}},"type":"binary-expr","locations":[{"start":{"line":9,"column":46},"end":{"line":9,"column":49}},{"start":{"line":9,"column":53},"end":{"line":9,"column":67}}],"line":9},"2":{"loc":{"start":{"line":17,"column":2},"end":{"line":22,"column":3}},"type":"if","locations":[{"start":{"line":17,"column":2},"end":{"line":22,"column":3}},{"start":{"line":17,"column":2},"end":{"line":22,"column":3}}],"line":17}},"s":{"0":1,"1":1,"2":1,"3":1,"4":1,"5":1,"6":3,"7":3,"8":3,"9":3,"10":2,"11":1,"12":1,"13":1},"f":{"0":1,"1":3},"b":{"0":[0,1],"1":[1,1],"2":[2,1]},"inputSourceMap":{"version":3,"names":["blogValidation","req","res","next","Schemas","Joi","object","keys","title","string","min","required","content","validate","body","error","status","json","details","message"],"sourceRoot":"C:\\Users\\USER\\Documents\\Backend\\src\\middelwares\\","sources":["blogValidation.js"],"sourcesContent":["import { request, response } from \"express\";\r\nimport Joi from \"joi\";\r\n\r\nconst blogValidation =(req, res, next)=>{\r\n        \r\n    const Schemas = Joi.object().keys({\r\n      title:Joi.string().min(5).required(),\r\n      content:Joi.string().min(5).required()\r\n    });\r\n    const {error} = Schemas.validate(req.body)\r\n    if(error){\r\n        return res.status(400).json({\r\n            status:400,\r\n            error:error.details[0].message\r\n        });\r\n    }\r\n    next()\r\n\r\n}\r\n\r\nexport default blogValidation"],"mappings":";;;;;;AAAA;AACA;AAAsB;AAEtB,IAAMA,cAAc,GAAE,SAAhBA,cAAc,CAAGC,GAAG,EAAEC,GAAG,EAAEC,IAAI,EAAG;EAEpC,IAAMC,OAAO,GAAGC,eAAG,CAACC,MAAM,EAAE,CAACC,IAAI,CAAC;IAChCC,KAAK,EAACH,eAAG,CAACI,MAAM,EAAE,CAACC,GAAG,CAAC,CAAC,CAAC,CAACC,QAAQ,EAAE;IACpCC,OAAO,EAACP,eAAG,CAACI,MAAM,EAAE,CAACC,GAAG,CAAC,CAAC,CAAC,CAACC,QAAQ;EACtC,CAAC,CAAC;EACF,wBAAgBP,OAAO,CAACS,QAAQ,CAACZ,GAAG,CAACa,IAAI,CAAC;IAAnCC,KAAK,qBAALA,KAAK;EACZ,IAAGA,KAAK,EAAC;IACL,OAAOb,GAAG,CAACc,MAAM,CAAC,GAAG,CAAC,CAACC,IAAI,CAAC;MACxBD,MAAM,EAAC,GAAG;MACVD,KAAK,EAACA,KAAK,CAACG,OAAO,CAAC,CAAC,CAAC,CAACC;IAC3B,CAAC,CAAC;EACN;EACAhB,IAAI,EAAE;AAEV,CAAC;AAAA,eAEcH,cAAc;AAAA"},"_coverageSchema":"1a1c01bbd47fc00a2c39e90264f33305004495a9","hash":"edc717cd1ada2cb38b682190f1b21a8db6614a4c","contentHash":"10f82b952b20eadcc5d185af5f4b3ba4021bb96d75cbc94d27bca58e101d0971"},"C:\\Users\\USER\\Documents\\Backend\\swagger.js":{"path":"C:\\Users\\USER\\Documents\\Backend\\swagger.js","statementMap":{"0":{"start":{"line":3,"column":0},"end":{"line":5,"column":3}},"1":{"start":{"line":6,"column":0},"end":{"line":6,"column":28}},"2":{"start":{"line":7,"column":20},"end":{"line":7,"column":68}},"3":{"start":{"line":8,"column":24},"end":{"line":8,"column":77}},"4":{"start":{"line":9,"column":39},"end":{"line":9,"column":95}},"5":{"start":{"line":10,"column":14},"end":{"line":29,"column":1}},"6":{"start":{"line":30,"column":18},"end":{"line":30,"column":56}},"7":{"start":{"line":33,"column":2},"end":{"line":33,"column":104}},"8":{"start":{"line":36,"column":2},"end":{"line":39,"column":5}},"9":{"start":{"line":37,"column":4},"end":{"line":37,"column":54}},"10":{"start":{"line":38,"column":4},"end":{"line":38,"column":26}},"11":{"start":{"line":41,"column":15},"end":{"line":41,"column":26}},"12":{"start":{"line":42,"column":0},"end":{"line":42,"column":30}}},"fnMap":{"0":{"name":"_interopRequireDefault","decl":{"start":{"line":9,"column":9},"end":{"line":9,"column":31}},"loc":{"start":{"line":9,"column":37},"end":{"line":9,"column":97}},"line":9},"1":{"name":"swaggerDocs","decl":{"start":{"line":31,"column":9},"end":{"line":31,"column":20}},"loc":{"start":{"line":31,"column":32},"end":{"line":40,"column":1}},"line":31},"2":{"name":"(anonymous_2)","decl":{"start":{"line":36,"column":24},"end":{"line":36,"column":25}},"loc":{"start":{"line":36,"column":44},"end":{"line":39,"column":3}},"line":36}},"branchMap":{"0":{"loc":{"start":{"line":9,"column":46},"end":{"line":9,"column":94}},"type":"cond-expr","locations":[{"start":{"line":9,"column":70},"end":{"line":9,"column":73}},{"start":{"line":9,"column":76},"end":{"line":9,"column":94}}],"line":9},"1":{"loc":{"start":{"line":9,"column":46},"end":{"line":9,"column":67}},"type":"binary-expr","locations":[{"start":{"line":9,"column":46},"end":{"line":9,"column":49}},{"start":{"line":9,"column":53},"end":{"line":9,"column":67}}],"line":9}},"s":{"0":1,"1":1,"2":1,"3":1,"4":2,"5":1,"6":1,"7":1,"8":1,"9":0,"10":0,"11":1,"12":1},"f":{"0":2,"1":1,"2":0},"b":{"0":[0,2],"1":[2,2]},"inputSourceMap":{"version":3,"names":["options","definition","openapi","info","title","description","version","components","securitySchemes","BearerAuth","type","scheme","apis","swaggerSpec","swaggerJsdoc","swaggerDocs","app","port","use","swaggerUi","serve","setup","get","req","res","setHeader","send"],"sourceRoot":"C:\\Users\\USER\\Documents\\Backend\\","sources":["swagger.js"],"sourcesContent":["import swaggerJsdoc from 'swagger-jsdoc'\r\nimport swaggerUi from 'swagger-ui-express'\r\n\r\nconst options = {\r\n  definition: {\r\n    openapi: '3.0.0',\r\n    info: {\r\n      title: 'My Brand',\r\n      description: 'My personal brand API ',\r\n      version: '1.0.0',\r\n    },\r\n    components:{\r\n      securitySchemes:{\r\n        BearerAuth:{\r\n          type: \"http\",\r\n          scheme: \"bearer\"\r\n\r\n        }\r\n      }\r\n\r\n    }\r\n  },\r\n  // looks for configuration in specified directories\r\n  apis: [\"./src/routers/*.js\"],\r\n}\r\n\r\nconst swaggerSpec = swaggerJsdoc(options)\r\n\r\nfunction swaggerDocs(app, port) {\r\n  // Swagger Page\r\n  app.use('/docs', swaggerUi.serve, swaggerUi.setup(swaggerSpec))\r\n\r\n  // Documentation in JSON format\r\n  app.get('/docs.json', (req, res) => {\r\n    res.setHeader('Content-Type', 'application/json')\r\n    res.send(swaggerSpec)\r\n  })\r\n}\r\n\r\nexport default swaggerDocs\r\n"],"mappings":";;;;;;AAAA;AACA;AAA0C;AAE1C,IAAMA,OAAO,GAAG;EACdC,UAAU,EAAE;IACVC,OAAO,EAAE,OAAO;IAChBC,IAAI,EAAE;MACJC,KAAK,EAAE,UAAU;MACjBC,WAAW,EAAE,wBAAwB;MACrCC,OAAO,EAAE;IACX,CAAC;IACDC,UAAU,EAAC;MACTC,eAAe,EAAC;QACdC,UAAU,EAAC;UACTC,IAAI,EAAE,MAAM;UACZC,MAAM,EAAE;QAEV;MACF;IAEF;EACF,CAAC;EACD;EACAC,IAAI,EAAE,CAAC,oBAAoB;AAC7B,CAAC;AAED,IAAMC,WAAW,GAAG,IAAAC,wBAAY,EAACd,OAAO,CAAC;AAEzC,SAASe,WAAW,CAACC,GAAG,EAAEC,IAAI,EAAE;EAC9B;EACAD,GAAG,CAACE,GAAG,CAAC,OAAO,EAAEC,4BAAS,CAACC,KAAK,EAAED,4BAAS,CAACE,KAAK,CAACR,WAAW,CAAC,CAAC;;EAE/D;EACAG,GAAG,CAACM,GAAG,CAAC,YAAY,EAAE,UAACC,GAAG,EAAEC,GAAG,EAAK;IAClCA,GAAG,CAACC,SAAS,CAAC,cAAc,EAAE,kBAAkB,CAAC;IACjDD,GAAG,CAACE,IAAI,CAACb,WAAW,CAAC;EACvB,CAAC,CAAC;AACJ;AAAC,eAEcE,WAAW;AAAA"},"_coverageSchema":"1a1c01bbd47fc00a2c39e90264f33305004495a9","hash":"338bdf1b7ef08333747ebb73e3af34563578549a","contentHash":"c75c0eb33fa937debc2cb8dfffdc1fd2b693e5e87646ed6fb725c52884efb796"}}